p/1592.jpg 1 0 0 50 50
p/1584.jpg 1 0 0 28 28
p/1585.jpg 1 0 0 28 28
p/1580.jpg 1 0 0 24 24
p/1581.jpg 1 0 0 26 26
p/1582.jpg 1 0 0 27 27
p/1579.jpg 1 0 0 85 85
p/1572.jpg 1 0 0 38 38
p/1573.jpg 1 0 0 85 85
p/1567.jpg 1 0 0 27 27
p/1568.jpg 1 0 0 68 68
p/1570.jpg 1 0 0 28 28
p/1563.jpg 1 0 0 29 29
p/1552.jpg 1 0 0 72 72
p/1555.jpg 1 0 0 34 34
p/1533.jpg 1 0 0 52 52
p/1524.jpg 1 0 0 37 37
p/1522.jpg 1 0 0 26 26
p/1508.jpg 1 0 0 33 33
p/1506.jpg 1 0 0 52 52
p/1496.jpg 1 0 0 51 51
p/1497.jpg 1 0 0 26 26
p/1499.jpg 1 0 0 35 35
p/1494.jpg 1 0 0 67 67
p/1495.jpg 1 0 0 43 43
p/1491.jpg 1 0 0 30 30
p/1488.jpg 1 0 0 36 36
p/1489.jpg 1 0 0 36 36
p/1490.jpg 1 0 0 28 28
p/1486.jpg 1 0 0 50 50
p/1484.jpg 1 0 0 29 29
p/1432.jpg 1 0 0 55 55
p/1424.jpg 1 0 0 31 31
p/1427.jpg 1 0 0 97 97
p/1413.jpg 1 0 0 57 57
p/1403.jpg 1 0 0 44 44
p/1400.jpg 1 0 0 35 35
p/1391.jpg 1 0 0 56 56
p/1389.jpg 1 0 0 27 27
p/1379.jpg 1 0 0 58 58
p/1367.jpg 1 0 0 54 54
p/1369.jpg 1 0 0 39 39
p/1363.jpg 1 0 0 72 72
p/1364.jpg 1 0 0 67 67
p/1361.jpg 1 0 0 46 46
p/1362.jpg 1 0 0 44 44
p/1350.jpg 1 0 0 42 42
p/1332.jpg 1 0 0 72 72
p/1325.jpg 1 0 0 34 34
p/1323.jpg 1 0 0 67 67
p/1318.jpg 1 0 0 28 28
p/1319.jpg 1 0 0 35 35
p/1321.jpg 1 0 0 32 32
p/1315.jpg 1 0 0 52 52
p/1299.jpg 1 0 0 27 27
p/1300.jpg 1 0 0 28 28
p/1301.jpg 1 0 0 32 32
p/1304.jpg 1 0 0 27 27
p/1305.jpg 1 0 0 55 55
p/1296.jpg 1 0 0 30 30
p/1294.jpg 1 0 0 55 55
p/1292.jpg 1 0 0 32 32
p/1287.jpg 1 0 0 28 28
p/1288.jpg 1 0 0 27 27
p/1286.jpg 1 0 0 53 53
p/1282.jpg 1 0 0 46 46
p/1283.jpg 1 0 0 32 32
p/1280.jpg 1 0 0 28 28
p/1247.jpg 1 0 0 29 29
p/1228.jpg 1 0 0 84 84
p/1223.jpg 1 0 0 56 56
p/1119.jpg 1 0 0 27 27
p/1120.jpg 1 0 0 33 33
p/1117.jpg 1 0 0 27 27
p/1084.jpg 1 0 0 61 61
p/1085.jpg 1 0 0 34 34
p/1080.jpg 1 0 0 28 28
p/1081.jpg 1 0 0 33 33
p/1068.jpg 1 0 0 49 49
p/1070.jpg 1 0 0 27 27
p/1056.jpg 1 0 0 44 44
p/1037.jpg 1 0 0 55 55
p/1034.jpg 1 0 0 26 26
p/1035.jpg 1 0 0 26 26
p/1020.jpg 1 0 0 51 51
p/1022.jpg 1 0 0 28 28
p/1023.jpg 1 0 0 43 43
p/1015.jpg 1 0 0 28 28
p/1011.jpg 1 0 0 31 31
p/1000.jpg 1 0 0 31 31
p/1002.jpg 1 0 0 48 48
p/998.jpg 1 0 0 28 28
p/995.jpg 1 0 0 27 27
p/994.jpg 1 0 0 32 32
p/990.jpg 1 0 0 27 27
p/982.jpg 1 0 0 27 27
p/983.jpg 1 0 0 28 28
p/984.jpg 1 0 0 27 27
p/968.jpg 1 0 0 36 36
p/962.jpg 1 0 0 26 26
p/963.jpg 1 0 0 33 33
p/958.jpg 1 0 0 26 26
p/960.jpg 1 0 0 32 32
p/961.jpg 1 0 0 28 28
p/953.jpg 1 0 0 52 52
p/936.jpg 1 0 0 25 25
p/937.jpg 1 0 0 31 31
p/938.jpg 1 0 0 29 29
p/926.jpg 1 0 0 73 73
p/919.jpg 1 0 0 44 44
p/914.jpg 1 0 0 33 33
p/913.jpg 1 0 0 51 51
p/908.jpg 1 0 0 26 26
p/898.jpg 1 0 0 122 122
p/900.jpg 1 0 0 30 30
p/892.jpg 1 0 0 34 34
p/850.jpg 1 0 0 68 68
p/851.jpg 1 0 0 55 55
p/852.jpg 1 0 0 35 35
p/817.jpg 1 0 0 85 85
p/766.jpg 1 0 0 26 26
p/768.jpg 1 0 0 33 33
p/763.jpg 1 0 0 26 26
p/761.jpg 1 0 0 56 56
p/762.jpg 1 0 0 37 37
p/757.jpg 1 0 0 96 96
p/753.jpg 1 0 0 54 54
p/726.jpg 1 0 0 56 56
p/719.jpg 1 0 0 26 26
p/710.jpg 1 0 0 40 40
p/699.jpg 1 0 0 28 28
p/700.jpg 1 0 0 28 28
p/682.jpg 1 0 0 41 41
p/676.jpg 1 0 0 26 26
p/674.jpg 1 0 0 48 48
p/666.jpg 1 0 0 31 31
p/639.jpg 1 0 0 47 47
p/618.jpg 1 0 0 52 52
p/620.jpg 1 0 0 35 35
p/607.jpg 1 0 0 70 70
p/605.jpg 1 0 0 37 37
p/606.jpg 1 0 0 27 27
p/601.jpg 1 0 0 54 54
p/597.jpg 1 0 0 28 28
p/567.jpg 1 0 0 57 57
p/558.jpg 1 0 0 62 62
p/520.jpg 1 0 0 25 25
p/522.jpg 1 0 0 78 78
p/518.jpg 1 0 0 57 57
p/519.jpg 1 0 0 32 32
p/508.jpg 1 0 0 24 24
p/509.jpg 1 0 0 26 26
p/507.jpg 1 0 0 29 29
p/499.jpg 1 0 0 58 58
p/486.jpg 1 0 0 64 64
p/473.jpg 1 0 0 48 48
p/474.jpg 1 0 0 37 37
p/472.jpg 1 0 0 56 56
p/465.jpg 1 0 0 26 26
p/466.jpg 1 0 0 52 52
p/462.jpg 1 0 0 51 51
p/451.jpg 1 0 0 30 30
p/452.jpg 1 0 0 46 46
p/433.jpg 1 0 0 28 28
p/435.jpg 1 0 0 26 26
p/436.jpg 1 0 0 27 27
p/428.jpg 1 0 0 26 26
p/414.jpg 1 0 0 60 60
p/415.jpg 1 0 0 57 57
p/405.jpg 1 0 0 68 68
p/406.jpg 1 0 0 42 42
p/409.jpg 1 0 0 36 36
p/410.jpg 1 0 0 63 63
p/396.jpg 1 0 0 60 60
p/400.jpg 1 0 0 42 42
p/393.jpg 1 0 0 60 60
p/388.jpg 1 0 0 26 26
p/389.jpg 1 0 0 27 27
p/382.jpg 1 0 0 26 26
p/385.jpg 1 0 0 28 28
p/380.jpg 1 0 0 32 32
p/381.jpg 1 0 0 60 60
p/374.jpg 1 0 0 54 54
p/376.jpg 1 0 0 41 41
p/373.jpg 1 0 0 36 36
p/367.jpg 1 0 0 60 60
p/358.jpg 1 0 0 57 57
p/352.jpg 1 0 0 42 42
p/354.jpg 1 0 0 63 63
p/348.jpg 1 0 0 68 68
p/338.jpg 1 0 0 42 42
p/339.jpg 1 0 0 60 60
p/328.jpg 1 0 0 43 43
p/327.jpg 1 0 0 29 29
p/325.jpg 1 0 0 27 27
p/326.jpg 1 0 0 45 45
p/319.jpg 1 0 0 52 52
p/297.jpg 1 0 0 52 52
p/298.jpg 1 0 0 54 54
p/299.jpg 1 0 0 36 36
p/300.jpg 1 0 0 68 68
p/291.jpg 1 0 0 34 34
p/294.jpg 1 0 0 63 63
p/296.jpg 1 0 0 57 57
p/286.jpg 1 0 0 29 29
p/290.jpg 1 0 0 30 30
p/275.jpg 1 0 0 47 47
p/276.jpg 1 0 0 31 31
p/277.jpg 1 0 0 27 27
p/278.jpg 1 0 0 27 27
p/280.jpg 1 0 0 44 44
p/270.jpg 1 0 0 29 29
p/271.jpg 1 0 0 32 32
p/273.jpg 1 0 0 64 64
p/263.jpg 1 0 0 26 26
p/264.jpg 1 0 0 27 27
p/256.jpg 1 0 0 63 63
p/251.jpg 1 0 0 61 61
p/253.jpg 1 0 0 30 30
p/249.jpg 1 0 0 36 36
p/246.jpg 1 0 0 29 29
p/247.jpg 1 0 0 31 31
p/244.jpg 1 0 0 29 29
p/239.jpg 1 0 0 63 63
p/232.jpg 1 0 0 41 41
p/230.jpg 1 0 0 56 56
p/226.jpg 1 0 0 51 51
p/221.jpg 1 0 0 25 25
p/222.jpg 1 0 0 55 55
p/219.jpg 1 0 0 26 26
p/187.jpg 1 0 0 49 49
p/154.jpg 1 0 0 29 29
p/141.jpg 1 0 0 27 27
p/140.jpg 1 0 0 31 31
p/137.jpg 1 0 0 29 29
p/138.jpg 1 0 0 53 53
p/136.jpg 1 0 0 31 31
p/130.jpg 1 0 0 30 30
p/122.jpg 1 0 0 41 41
p/116.jpg 1 0 0 52 52
p/118.jpg 1 0 0 28 28
p/112.jpg 1 0 0 30 30
p/115.jpg 1 0 0 26 26
p/80.jpg 1 0 0 43 43
p/57.jpg 1 0 0 26 26
p/52.jpg 1 0 0 37 37
p/50.jpg 1 0 0 50 50
p/47.jpg 1 0 0 40 40
p/45.jpg 1 0 0 33 33
p/4.jpg 1 0 0 48 48
p/1.jpg 1 0 0 43 43
p/10968.jpg 1 0 0 38 38
p/10967.jpg 1 0 0 41 41
p/10966.jpg 1 0 0 38 38
p/10965.jpg 1 0 0 38 38
p/10964.jpg 1 0 0 34 34
p/10963.jpg 1 0 0 39 39
p/10962.jpg 1 0 0 36 36
p/10961.jpg 1 0 0 38 38
p/10960.jpg 1 0 0 39 39
p/10959.jpg 1 0 0 37 37
p/10958.jpg 1 0 0 40 40
p/10957.jpg 1 0 0 38 38
p/10955.jpg 1 0 0 38 38
p/10954.jpg 1 0 0 38 38
p/10952.jpg 1 0 0 35 35
p/10948.jpg 1 0 0 36 36
p/10947.jpg 1 0 0 39 39
p/10945.jpg 1 0 0 37 37
p/10942.jpg 1 0 0 38 38
p/10940.jpg 1 0 0 48 48
p/10937.jpg 1 0 0 44 44
p/10935.jpg 1 0 0 46 46
p/10907.jpg 1 0 0 40 40
p/10906.jpg 1 0 0 41 41
p/10905.jpg 1 0 0 37 37
p/10904.jpg 1 0 0 40 40
p/10897.jpg 1 0 0 39 39
p/10895.jpg 1 0 0 85 85
p/10894.jpg 1 0 0 38 38
p/10892.jpg 1 0 0 78 78
p/10877.jpg 1 0 0 35 35
p/10876.jpg 1 0 0 56 56
p/10875.jpg 1 0 0 34 34
p/10874.jpg 1 0 0 35 35
p/10873.jpg 1 0 0 54 54
p/10872.jpg 1 0 0 35 35
p/10871.jpg 1 0 0 52 52
p/10870.jpg 1 0 0 42 42
p/10869.jpg 1 0 0 34 34
p/10868.jpg 1 0 0 33 33
p/10867.jpg 1 0 0 52 52
p/10866.jpg 1 0 0 36 36
p/10865.jpg 1 0 0 41 41
p/10864.jpg 1 0 0 49 49
p/10862.jpg 1 0 0 41 41
p/10863.jpg 1 0 0 35 35
p/10861.jpg 1 0 0 35 35
p/10860.jpg 1 0 0 49 49
p/10859.jpg 1 0 0 36 36
p/10858.jpg 1 0 0 40 40
p/10857.jpg 1 0 0 46 46
p/10856.jpg 1 0 0 39 39
p/10855.jpg 1 0 0 40 40
p/10853.jpg 1 0 0 39 39
p/10852.jpg 1 0 0 43 43
p/10851.jpg 1 0 0 41 41
p/10850.jpg 1 0 0 37 37
p/10849.jpg 1 0 0 43 43
p/10848.jpg 1 0 0 37 37
p/10847.jpg 1 0 0 38 38
p/10846.jpg 1 0 0 37 37
p/10845.jpg 1 0 0 40 40
p/10844.jpg 1 0 0 42 42
p/10843.jpg 1 0 0 37 37
p/10842.jpg 1 0 0 37 37
p/10841.jpg 1 0 0 42 42
p/10840.jpg 1 0 0 37 37
p/10839.jpg 1 0 0 38 38
p/10838.jpg 1 0 0 40 40
p/10837.jpg 1 0 0 37 37
p/10836.jpg 1 0 0 37 37
p/10835.jpg 1 0 0 38 38
p/10834.jpg 1 0 0 38 38
p/10833.jpg 1 0 0 36 36
p/10832.jpg 1 0 0 39 39
p/10831.jpg 1 0 0 37 37
p/10830.jpg 1 0 0 40 40
p/10829.jpg 1 0 0 36 36
p/10828.jpg 1 0 0 39 39
p/10827.jpg 1 0 0 40 40
p/10826.jpg 1 0 0 37 37
p/10825.jpg 1 0 0 40 40
p/10824.jpg 1 0 0 37 37
p/10823.jpg 1 0 0 38 38
p/10822.jpg 1 0 0 40 40
p/10821.jpg 1 0 0 36 36
p/10820.jpg 1 0 0 38 38
p/10819.jpg 1 0 0 40 40
p/10818.jpg 1 0 0 46 46
p/10815.jpg 1 0 0 42 42
p/10814.jpg 1 0 0 38 38
p/10813.jpg 1 0 0 35 35
p/10811.jpg 1 0 0 44 44
p/10812.jpg 1 0 0 41 41
p/10810.jpg 1 0 0 47 47
p/10808.jpg 1 0 0 40 40
p/10807.jpg 1 0 0 41 41
p/10806.jpg 1 0 0 35 35
p/10805.jpg 1 0 0 39 39
p/10804.jpg 1 0 0 40 40
p/10803.jpg 1 0 0 43 43
p/10802.jpg 1 0 0 61 61
p/10801.jpg 1 0 0 42 42
p/10800.jpg 1 0 0 34 34
p/10799.jpg 1 0 0 37 37
p/10795.jpg 1 0 0 34 34
p/10796.jpg 1 0 0 41 41
p/10794.jpg 1 0 0 46 46
p/10793.jpg 1 0 0 42 42
p/10792.jpg 1 0 0 44 44
p/10791.jpg 1 0 0 48 48
p/10790.jpg 1 0 0 44 44
p/10789.jpg 1 0 0 47 47
p/10788.jpg 1 0 0 44 44
p/10787.jpg 1 0 0 44 44
p/10786.jpg 1 0 0 59 59
p/10785.jpg 1 0 0 43 43
p/10784.jpg 1 0 0 42 42
p/10783.jpg 1 0 0 53 53
p/10782.jpg 1 0 0 43 43
p/10781.jpg 1 0 0 40 40
p/10780.jpg 1 0 0 41 41
p/10779.jpg 1 0 0 59 59
p/10778.jpg 1 0 0 41 41
p/10777.jpg 1 0 0 40 40
p/10776.jpg 1 0 0 64 64
p/10775.jpg 1 0 0 41 41
p/10774.jpg 1 0 0 67 67
p/8757.jpg 1 0 0 48 48
p/8756.jpg 1 0 0 50 50
p/8755.jpg 1 0 0 49 49
p/8754.jpg 1 0 0 49 49
p/8753.jpg 1 0 0 50 50
p/8752.jpg 1 0 0 47 47
p/8751.jpg 1 0 0 48 48
p/8750.jpg 1 0 0 48 48
p/8749.jpg 1 0 0 45 45
p/8748.jpg 1 0 0 43 43
p/8747.jpg 1 0 0 44 44
p/8746.jpg 1 0 0 43 43
p/8745.jpg 1 0 0 42 42
p/8744.jpg 1 0 0 42 42
p/8743.jpg 1 0 0 41 41
p/8742.jpg 1 0 0 40 40
p/8741.jpg 1 0 0 39 39
p/8740.jpg 1 0 0 39 39
p/8739.jpg 1 0 0 38 38
p/8738.jpg 1 0 0 38 38
p/8737.jpg 1 0 0 37 37
p/8736.jpg 1 0 0 37 37
p/8735.jpg 1 0 0 36 36
p/8734.jpg 1 0 0 36 36
p/8733.jpg 1 0 0 36 36
p/8732.jpg 1 0 0 36 36
p/8731.jpg 1 0 0 36 36
p/8730.jpg 1 0 0 36 36
p/8729.jpg 1 0 0 35 35
p/8728.jpg 1 0 0 35 35
p/8727.jpg 1 0 0 36 36
p/8726.jpg 1 0 0 36 36
p/8725.jpg 1 0 0 32 32
p/8724.jpg 1 0 0 34 34
p/8723.jpg 1 0 0 33 33
p/8722.jpg 1 0 0 33 33
p/8701.jpg 1 0 0 39 39
p/8700.jpg 1 0 0 37 37
p/8699.jpg 1 0 0 37 37
p/8698.jpg 1 0 0 35 35
p/8697.jpg 1 0 0 36 36
p/8696.jpg 1 0 0 36 36
p/8695.jpg 1 0 0 38 38
p/8692.jpg 1 0 0 39 39
p/8691.jpg 1 0 0 39 39
p/8690.jpg 1 0 0 41 41
p/8689.jpg 1 0 0 39 39
p/8688.jpg 1 0 0 37 37
p/8687.jpg 1 0 0 36 36
p/8686.jpg 1 0 0 38 38
p/8683.jpg 1 0 0 38 38
p/8682.jpg 1 0 0 39 39
p/8681.jpg 1 0 0 41 41
p/8680.jpg 1 0 0 37 37
p/8679.jpg 1 0 0 37 37
p/8678.jpg 1 0 0 37 37
p/8677.jpg 1 0 0 37 37
p/8674.jpg 1 0 0 38 38
p/8673.jpg 1 0 0 37 37
p/8672.jpg 1 0 0 39 39
p/8671.jpg 1 0 0 39 39
p/8670.jpg 1 0 0 38 38
p/8669.jpg 1 0 0 36 36
p/8668.jpg 1 0 0 36 36
p/8646.jpg 1 0 0 38 38
p/8645.jpg 1 0 0 62 62
p/8644.jpg 1 0 0 38 38
p/8643.jpg 1 0 0 57 57
p/8641.jpg 1 0 0 37 37
p/8639.jpg 1 0 0 40 40
p/8637.jpg 1 0 0 51 51
p/8636.jpg 1 0 0 40 40
p/8635.jpg 1 0 0 56 56
p/8634.jpg 1 0 0 41 41
p/8633.jpg 1 0 0 43 43
p/8632.jpg 1 0 0 42 42
p/8630.jpg 1 0 0 42 42
p/8628.jpg 1 0 0 43 43
p/8627.jpg 1 0 0 48 48
p/8625.jpg 1 0 0 43 43
p/8624.jpg 1 0 0 48 48
p/8612.jpg 1 0 0 51 51
p/8611.jpg 1 0 0 45 45
p/8602.jpg 1 0 0 85 85
p/8601.jpg 1 0 0 56 56
p/8595.jpg 1 0 0 40 40
p/8593.jpg 1 0 0 59 59
p/8586.jpg 1 0 0 61 61
p/8583.jpg 1 0 0 60 60
p/8578.jpg 1 0 0 38 38
p/8576.jpg 1 0 0 65 65
p/8573.jpg 1 0 0 38 38
p/8572.jpg 1 0 0 66 66
p/8570.jpg 1 0 0 38 38
p/8569.jpg 1 0 0 38 38
p/8568.jpg 1 0 0 64 64
p/8566.jpg 1 0 0 38 38
p/8565.jpg 1 0 0 37 37
p/8562.jpg 1 0 0 41 41
p/8561.jpg 1 0 0 37 37
p/8560.jpg 1 0 0 68 68
p/8557.jpg 1 0 0 38 38
p/8552.jpg 1 0 0 69 69
p/8550.jpg 1 0 0 36 36
p/8546.jpg 1 0 0 38 38
p/8545.jpg 1 0 0 39 39
p/8544.jpg 1 0 0 76 76
p/8523.jpg 1 0 0 42 42
p/8522.jpg 1 0 0 39 39
p/8521.jpg 1 0 0 43 43
p/8520.jpg 1 0 0 90 90
p/8519.jpg 1 0 0 38 38
p/8518.jpg 1 0 0 36 36
p/8517.jpg 1 0 0 94 94
p/8516.jpg 1 0 0 40 40
p/8515.jpg 1 0 0 34 34
p/8514.jpg 1 0 0 100 100
p/8513.jpg 1 0 0 41 41
p/8512.jpg 1 0 0 42 42
p/8511.jpg 1 0 0 105 105
p/8510.jpg 1 0 0 41 41
p/8509.jpg 1 0 0 35 35
p/8507.jpg 1 0 0 36 36
p/8508.jpg 1 0 0 40 40
p/8506.jpg 1 0 0 34 34
p/8505.jpg 1 0 0 41 41
p/8504.jpg 1 0 0 46 46
p/8503.jpg 1 0 0 35 35
p/8502.jpg 1 0 0 58 58
p/8501.jpg 1 0 0 36 36
p/8500.jpg 1 0 0 45 45
p/8499.jpg 1 0 0 45 45
p/8498.jpg 1 0 0 35 35
p/8497.jpg 1 0 0 37 37
p/8496.jpg 1 0 0 36 36
p/8495.jpg 1 0 0 37 37
p/8494.jpg 1 0 0 37 37
p/8493.jpg 1 0 0 37 37
p/8492.jpg 1 0 0 36 36
p/8491.jpg 1 0 0 35 35
p/8490.jpg 1 0 0 35 35
p/8489.jpg 1 0 0 35 35
p/8488.jpg 1 0 0 39 39
p/7607.jpg 1 0 0 34 34
p/7606.jpg 1 0 0 59 59
p/7605.jpg 1 0 0 36 36
p/7604.jpg 1 0 0 32 32
p/7603.jpg 1 0 0 59 59
p/7602.jpg 1 0 0 32 32
p/7601.jpg 1 0 0 58 58
p/7600.jpg 1 0 0 69 69
p/7599.jpg 1 0 0 57 57
p/7597.jpg 1 0 0 56 56
p/7598.jpg 1 0 0 65 65
p/7596.jpg 1 0 0 60 60
p/7595.jpg 1 0 0 53 53
p/7594.jpg 1 0 0 56 56
p/7593.jpg 1 0 0 51 51
p/7592.jpg 1 0 0 55 55
p/7591.jpg 1 0 0 53 53
p/7589.jpg 1 0 0 51 51
p/7590.jpg 1 0 0 54 54
p/7588.jpg 1 0 0 51 51
p/7587.jpg 1 0 0 50 50
p/7586.jpg 1 0 0 49 49
p/7585.jpg 1 0 0 49 49
p/7584.jpg 1 0 0 48 48
p/7583.jpg 1 0 0 47 47
p/7582.jpg 1 0 0 49 49
p/7581.jpg 1 0 0 47 47
p/7580.jpg 1 0 0 44 44
p/7579.jpg 1 0 0 47 47
p/7578.jpg 1 0 0 42 42
p/7577.jpg 1 0 0 43 43
p/7576.jpg 1 0 0 43 43
p/7575.jpg 1 0 0 43 43
p/7574.jpg 1 0 0 44 44
p/7573.jpg 1 0 0 41 41
p/7571.jpg 1 0 0 40 40
p/7572.jpg 1 0 0 43 43
p/7570.jpg 1 0 0 41 41
p/7569.jpg 1 0 0 40 40
p/7567.jpg 1 0 0 39 39
p/7568.jpg 1 0 0 41 41
p/7566.jpg 1 0 0 39 39
p/7565.jpg 1 0 0 37 37
p/7564.jpg 1 0 0 40 40
p/7563.jpg 1 0 0 40 40
p/7562.jpg 1 0 0 39 39
p/7561.jpg 1 0 0 38 38
p/7560.jpg 1 0 0 39 39
p/7559.jpg 1 0 0 38 38
p/7558.jpg 1 0 0 38 38
p/7557.jpg 1 0 0 35 35
p/7556.jpg 1 0 0 38 38
p/7555.jpg 1 0 0 37 37
p/7554.jpg 1 0 0 38 38
p/7553.jpg 1 0 0 36 36
p/7552.jpg 1 0 0 38 38
p/7551.jpg 1 0 0 38 38
p/7550.jpg 1 0 0 38 38
p/7549.jpg 1 0 0 36 36
p/7548.jpg 1 0 0 39 39
p/7547.jpg 1 0 0 37 37
p/7546.jpg 1 0 0 38 38
p/7545.jpg 1 0 0 35 35
p/7544.jpg 1 0 0 34 34
p/7543.jpg 1 0 0 35 35
p/7542.jpg 1 0 0 37 37
p/7541.jpg 1 0 0 40 40
p/7540.jpg 1 0 0 38 38
p/7539.jpg 1 0 0 33 33
p/7538.jpg 1 0 0 39 39
p/7537.jpg 1 0 0 33 33
p/7536.jpg 1 0 0 37 37
p/7535.jpg 1 0 0 80 80
p/7534.jpg 1 0 0 81 81
p/7533.jpg 1 0 0 83 83
p/7532.jpg 1 0 0 78 78
p/7531.jpg 1 0 0 76 76
p/7530.jpg 1 0 0 48 48
p/7529.jpg 1 0 0 71 71
p/7528.jpg 1 0 0 51 51
p/7527.jpg 1 0 0 71 71
p/7526.jpg 1 0 0 50 50
p/7525.jpg 1 0 0 65 65
p/7524.jpg 1 0 0 46 46
p/7523.jpg 1 0 0 62 62
p/7522.jpg 1 0 0 46 46
p/7521.jpg 1 0 0 61 61
p/7520.jpg 1 0 0 43 43
p/7519.jpg 1 0 0 59 59
p/7518.jpg 1 0 0 42 42
p/7517.jpg 1 0 0 57 57
p/7516.jpg 1 0 0 42 42
p/7515.jpg 1 0 0 55 55
p/7514.jpg 1 0 0 42 42
p/7513.jpg 1 0 0 54 54
p/7512.jpg 1 0 0 41 41
p/7503.jpg 1 0 0 52 52
p/7502.jpg 1 0 0 38 38
p/7501.jpg 1 0 0 49 49
p/7500.jpg 1 0 0 38 38
p/7499.jpg 1 0 0 50 50
p/7498.jpg 1 0 0 37 37
p/7497.jpg 1 0 0 48 48
p/7496.jpg 1 0 0 38 38
p/7494.jpg 1 0 0 37 37
p/7495.jpg 1 0 0 47 47
p/7492.jpg 1 0 0 37 37
p/7493.jpg 1 0 0 45 45
p/7491.jpg 1 0 0 44 44
p/7490.jpg 1 0 0 36 36
p/7488.jpg 1 0 0 36 36
p/7489.jpg 1 0 0 43 43
p/7479.jpg 1 0 0 42 42
p/7478.jpg 1 0 0 34 34
p/7471.jpg 1 0 0 41 41
p/7470.jpg 1 0 0 35 35
p/7467.jpg 1 0 0 41 41
p/7466.jpg 1 0 0 36 36
p/7465.jpg 1 0 0 41 41
p/7464.jpg 1 0 0 35 35
p/7463.jpg 1 0 0 43 43
p/7462.jpg 1 0 0 36 36
p/7455.jpg 1 0 0 39 39
p/7454.jpg 1 0 0 35 35
p/7127.jpg 1 0 0 48 48
p/7126.jpg 1 0 0 40 40
p/7125.jpg 1 0 0 69 69
p/7124.jpg 1 0 0 47 47
p/7123.jpg 1 0 0 38 38
p/7122.jpg 1 0 0 43 43
p/7121.jpg 1 0 0 40 40
p/7120.jpg 1 0 0 65 65
p/7119.jpg 1 0 0 41 41
p/7117.jpg 1 0 0 39 39
p/7115.jpg 1 0 0 42 42
p/7114.jpg 1 0 0 75 75
p/7113.jpg 1 0 0 41 41
p/7112.jpg 1 0 0 40 40
p/7055.jpg 1 0 0 43 43
p/7054.jpg 1 0 0 45 45
p/7053.jpg 1 0 0 47 47
p/7051.jpg 1 0 0 46 46
p/7050.jpg 1 0 0 44 44
p/7048.jpg 1 0 0 48 48
p/7049.jpg 1 0 0 33 33
p/7046.jpg 1 0 0 52 52
p/7045.jpg 1 0 0 46 46
p/7043.jpg 1 0 0 44 44
p/7042.jpg 1 0 0 52 52
p/7039.jpg 1 0 0 39 39
p/7038.jpg 1 0 0 56 56
p/7037.jpg 1 0 0 40 40
p/7034.jpg 1 0 0 58 58
p/7031.jpg 1 0 0 60 60
p/7025.jpg 1 0 0 52 52
p/7024.jpg 1 0 0 42 42
p/7017.jpg 1 0 0 59 59
p/6887.jpg 1 0 0 43 43
p/6886.jpg 1 0 0 36 36
p/6885.jpg 1 0 0 48 48
p/6883.jpg 1 0 0 36 36
p/6884.jpg 1 0 0 40 40
p/6882.jpg 1 0 0 48 48
p/6881.jpg 1 0 0 47 47
p/6880.jpg 1 0 0 39 39
p/6879.jpg 1 0 0 44 44
p/6878.jpg 1 0 0 42 42
p/6877.jpg 1 0 0 35 35
p/6876.jpg 1 0 0 45 45
p/6875.jpg 1 0 0 44 44
p/6874.jpg 1 0 0 36 36
p/6873.jpg 1 0 0 43 43
p/6872.jpg 1 0 0 36 36
p/6871.jpg 1 0 0 43 43
p/6869.jpg 1 0 0 36 36
p/6870.jpg 1 0 0 42 42
p/6868.jpg 1 0 0 40 40
p/6867.jpg 1 0 0 92 92
p/6866.jpg 1 0 0 40 40
p/6865.jpg 1 0 0 40 40
p/6864.jpg 1 0 0 36 36
p/6862.jpg 1 0 0 40 40
p/6863.jpg 1 0 0 41 41
p/6861.jpg 1 0 0 35 35
p/6860.jpg 1 0 0 77 77
p/6858.jpg 1 0 0 43 43
p/6859.jpg 1 0 0 39 39
p/6857.jpg 1 0 0 36 36
p/6856.jpg 1 0 0 41 41
p/6835.jpg 1 0 0 40 40
p/6834.jpg 1 0 0 35 35
p/6833.jpg 1 0 0 55 55
p/6832.jpg 1 0 0 38 38
p/6831.jpg 1 0 0 36 36
p/6830.jpg 1 0 0 33 33
p/6829.jpg 1 0 0 54 54
p/6828.jpg 1 0 0 42 42
p/6827.jpg 1 0 0 38 38
p/6826.jpg 1 0 0 36 36
p/6825.jpg 1 0 0 52 52
p/6823.jpg 1 0 0 34 34
p/6824.jpg 1 0 0 40 40
p/6822.jpg 1 0 0 42 42
p/6821.jpg 1 0 0 33 33
p/6820.jpg 1 0 0 51 51
p/6819.jpg 1 0 0 37 37
p/6818.jpg 1 0 0 32 32
p/6817.jpg 1 0 0 34 34
p/6816.jpg 1 0 0 51 51
p/6814.jpg 1 0 0 37 37
p/6815.jpg 1 0 0 35 35
p/6813.jpg 1 0 0 48 48
p/6812.jpg 1 0 0 33 33
p/6811.jpg 1 0 0 42 42
p/6810.jpg 1 0 0 48 48
p/6809.jpg 1 0 0 43 43
p/6808.jpg 1 0 0 35 35
p/6807.jpg 1 0 0 47 47
p/6806.jpg 1 0 0 39 39
p/6804.jpg 1 0 0 37 37
p/6805.jpg 1 0 0 46 46
p/6803.jpg 1 0 0 46 46
p/6802.jpg 1 0 0 37 37
p/6801.jpg 1 0 0 42 42
p/6800.jpg 1 0 0 40 40
p/6798.jpg 1 0 0 41 41
p/6799.jpg 1 0 0 47 47
p/6797.jpg 1 0 0 38 38
p/6796.jpg 1 0 0 39 39
p/6795.jpg 1 0 0 41 41
p/6794.jpg 1 0 0 44 44
p/6792.jpg 1 0 0 45 45
p/6793.jpg 1 0 0 38 38
p/6790.jpg 1 0 0 40 40
p/6791.jpg 1 0 0 37 37
p/6789.jpg 1 0 0 44 44
p/6788.jpg 1 0 0 37 37
p/6787.jpg 1 0 0 42 42
p/6786.jpg 1 0 0 37 37
p/6785.jpg 1 0 0 41 41
p/6784.jpg 1 0 0 38 38
p/6783.jpg 1 0 0 36 36
p/6782.jpg 1 0 0 42 42
p/6781.jpg 1 0 0 37 37
p/6780.jpg 1 0 0 39 39
p/6779.jpg 1 0 0 42 42
p/6778.jpg 1 0 0 39 39
p/6777.jpg 1 0 0 38 38
p/6776.jpg 1 0 0 39 39
p/6775.jpg 1 0 0 40 40
p/6774.jpg 1 0 0 40 40
p/6773.jpg 1 0 0 41 41
p/6772.jpg 1 0 0 38 38
p/6771.jpg 1 0 0 35 35
p/6770.jpg 1 0 0 40 40
p/6769.jpg 1 0 0 33 33
p/6768.jpg 1 0 0 36 36
p/6767.jpg 1 0 0 34 34
p/6766.jpg 1 0 0 36 36
p/6765.jpg 1 0 0 34 34
p/6764.jpg 1 0 0 38 38
p/6763.jpg 1 0 0 36 36
p/6762.jpg 1 0 0 35 35
p/6761.jpg 1 0 0 38 38
p/6760.jpg 1 0 0 37 37
p/6759.jpg 1 0 0 35 35
p/6758.jpg 1 0 0 33 33
p/6757.jpg 1 0 0 37 37
p/6756.jpg 1 0 0 39 39
p/6755.jpg 1 0 0 36 36
p/6754.jpg 1 0 0 35 35
p/6753.jpg 1 0 0 37 37
p/6752.jpg 1 0 0 38 38
p/6743.jpg 1 0 0 33 33
p/6742.jpg 1 0 0 42 42
p/6739.jpg 1 0 0 63 63
p/6738.jpg 1 0 0 64 64
p/6737.jpg 1 0 0 61 61
p/6730.jpg 1 0 0 55 55
p/6724.jpg 1 0 0 53 53
p/6717.jpg 1 0 0 48 48
p/6710.jpg 1 0 0 45 45
p/6702.jpg 1 0 0 39 39
p/6701.jpg 1 0 0 38 38
p/6700.jpg 1 0 0 37 37
p/6699.jpg 1 0 0 37 37
p/6698.jpg 1 0 0 37 37
p/6697.jpg 1 0 0 36 36
p/6696.jpg 1 0 0 37 37
p/6695.jpg 1 0 0 37 37
p/6694.jpg 1 0 0 36 36
p/6693.jpg 1 0 0 35 35
p/6692.jpg 1 0 0 36 36
p/6691.jpg 1 0 0 36 36
p/6690.jpg 1 0 0 36 36
p/6689.jpg 1 0 0 36 36
p/6688.jpg 1 0 0 36 36
p/6687.jpg 1 0 0 36 36
p/6686.jpg 1 0 0 33 33
p/6685.jpg 1 0 0 34 34
p/6684.jpg 1 0 0 33 33
p/6683.jpg 1 0 0 33 33
p/6682.jpg 1 0 0 34 34
p/6681.jpg 1 0 0 34 34
p/6680.jpg 1 0 0 34 34
p/6679.jpg 1 0 0 32 32
p/6678.jpg 1 0 0 33 33
p/6677.jpg 1 0 0 34 34
p/6676.jpg 1 0 0 36 36
p/6675.jpg 1 0 0 34 34
p/6674.jpg 1 0 0 35 35
p/6673.jpg 1 0 0 36 36
p/6672.jpg 1 0 0 40 40
p/6671.jpg 1 0 0 31 31
p/6670.jpg 1 0 0 39 39
p/6669.jpg 1 0 0 38 38
p/6668.jpg 1 0 0 39 39
p/6667.jpg 1 0 0 39 39
p/6666.jpg 1 0 0 40 40
p/6665.jpg 1 0 0 40 40
p/6664.jpg 1 0 0 42 42
p/6663.jpg 1 0 0 44 44
p/6662.jpg 1 0 0 41 41
p/6661.jpg 1 0 0 40 40
p/6658.jpg 1 0 0 43 43
p/6657.jpg 1 0 0 45 45
p/6656.jpg 1 0 0 42 42
p/6646.jpg 1 0 0 50 50
p/6645.jpg 1 0 0 52 52
p/6644.jpg 1 0 0 58 58
p/6643.jpg 1 0 0 59 59
p/6642.jpg 1 0 0 61 61
p/6641.jpg 1 0 0 63 63
p/6640.jpg 1 0 0 54 54
p/6639.jpg 1 0 0 59 59
p/6613.jpg 1 0 0 37 37
p/6576.jpg 1 0 0 38 38
p/6575.jpg 1 0 0 37 37
p/6569.jpg 1 0 0 40 40
p/6568.jpg 1 0 0 33 33
p/6556.jpg 1 0 0 45 45
p/6517.jpg 1 0 0 41 41
p/6516.jpg 1 0 0 57 57
p/6515.jpg 1 0 0 41 41
p/6514.jpg 1 0 0 57 57
p/6510.jpg 1 0 0 53 53
p/6509.jpg 1 0 0 41 41
p/6507.jpg 1 0 0 41 41
p/6508.jpg 1 0 0 54 54
p/6503.jpg 1 0 0 42 42
p/6502.jpg 1 0 0 44 44
p/6501.jpg 1 0 0 42 42
p/6500.jpg 1 0 0 45 45
p/6496.jpg 1 0 0 42 42
p/6495.jpg 1 0 0 47 47
p/6494.jpg 1 0 0 46 46
p/6493.jpg 1 0 0 46 46
p/6485.jpg 1 0 0 40 40
p/6484.jpg 1 0 0 52 52
p/6483.jpg 1 0 0 36 36
p/6482.jpg 1 0 0 56 56
p/6481.jpg 1 0 0 36 36
p/6480.jpg 1 0 0 55 55
p/6479.jpg 1 0 0 36 36
p/6478.jpg 1 0 0 61 61
p/6477.jpg 1 0 0 37 37
p/6476.jpg 1 0 0 57 57
p/6475.jpg 1 0 0 38 38
p/6473.jpg 1 0 0 39 39
p/6474.jpg 1 0 0 61 61
p/6472.jpg 1 0 0 62 62
p/6471.jpg 1 0 0 39 39
p/6470.jpg 1 0 0 60 60
p/6469.jpg 1 0 0 39 39
p/6468.jpg 1 0 0 63 63
p/6467.jpg 1 0 0 40 40
p/6466.jpg 1 0 0 63 63
p/6465.jpg 1 0 0 40 40
p/6443.jpg 1 0 0 41 41
p/6442.jpg 1 0 0 40 40
p/6441.jpg 1 0 0 39 39
p/6440.jpg 1 0 0 41 41
p/6436.jpg 1 0 0 38 38
p/6435.jpg 1 0 0 36 36
p/6434.jpg 1 0 0 37 37
p/6433.jpg 1 0 0 35 35
p/6432.jpg 1 0 0 37 37
p/6431.jpg 1 0 0 37 37
p/6429.jpg 1 0 0 36 36
p/6428.jpg 1 0 0 34 34
p/6427.jpg 1 0 0 36 36
p/6426.jpg 1 0 0 33 33
p/6425.jpg 1 0 0 32 32
p/6424.jpg 1 0 0 35 35
p/6419.jpg 1 0 0 35 35
p/6418.jpg 1 0 0 35 35
p/6417.jpg 1 0 0 34 34
p/6416.jpg 1 0 0 57 57
p/6411.jpg 1 0 0 35 35
p/6410.jpg 1 0 0 35 35
p/6409.jpg 1 0 0 37 37
p/6408.jpg 1 0 0 34 34
p/6402.jpg 1 0 0 38 38
p/6395.jpg 1 0 0 48 48
p/6388.jpg 1 0 0 42 42
p/6371.jpg 1 0 0 41 41
p/6370.jpg 1 0 0 41 41
p/6362.jpg 1 0 0 38 38
p/6355.jpg 1 0 0 37 37
p/6353.jpg 1 0 0 40 40
p/6350.jpg 1 0 0 44 44
p/6343.jpg 1 0 0 35 35
p/6342.jpg 1 0 0 49 49
p/6317.jpg 1 0 0 37 37
p/6316.jpg 1 0 0 53 53
p/6309.jpg 1 0 0 58 58
p/6305.jpg 1 0 0 64 64
p/6303.jpg 1 0 0 63 63
p/6302.jpg 1 0 0 38 38
p/6294.jpg 1 0 0 36 36
p/6288.jpg 1 0 0 34 34
p/6280.jpg 1 0 0 36 36
p/6149.jpg 1 0 0 51 51
p/6148.jpg 1 0 0 53 53
p/6147.jpg 1 0 0 46 46
p/6146.jpg 1 0 0 51 51
p/6145.jpg 1 0 0 43 43
p/6144.jpg 1 0 0 50 50
p/6143.jpg 1 0 0 44 44
p/6142.jpg 1 0 0 52 52
p/6141.jpg 1 0 0 43 43
p/6140.jpg 1 0 0 57 57
p/6139.jpg 1 0 0 43 43
p/6138.jpg 1 0 0 56 56
p/6137.jpg 1 0 0 41 41
p/6136.jpg 1 0 0 56 56
p/6135.jpg 1 0 0 43 43
p/6133.jpg 1 0 0 40 40
p/6134.jpg 1 0 0 54 54
p/6132.jpg 1 0 0 41 41
p/6131.jpg 1 0 0 41 41
p/6130.jpg 1 0 0 40 40
p/6129.jpg 1 0 0 58 58
p/6086.jpg 1 0 0 52 52
p/6083.jpg 1 0 0 51 51
p/6082.jpg 1 0 0 48 48
p/6081.jpg 1 0 0 47 47
p/6080.jpg 1 0 0 46 46
p/6079.jpg 1 0 0 47 47
p/6078.jpg 1 0 0 48 48
p/6076.jpg 1 0 0 45 45
p/6075.jpg 1 0 0 52 52
p/6074.jpg 1 0 0 46 46
p/6073.jpg 1 0 0 41 41
p/6071.jpg 1 0 0 44 44
p/6069.jpg 1 0 0 46 46
p/6068.jpg 1 0 0 42 42
p/6067.jpg 1 0 0 45 45
p/6066.jpg 1 0 0 47 47
p/6062.jpg 1 0 0 45 45
p/6061.jpg 1 0 0 42 42
p/6060.jpg 1 0 0 53 53
p/6059.jpg 1 0 0 46 46
p/6055.jpg 1 0 0 40 40
p/6054.jpg 1 0 0 59 59
p/6053.jpg 1 0 0 38 38
p/6052.jpg 1 0 0 48 48
p/6048.jpg 1 0 0 37 37
p/6047.jpg 1 0 0 38 38
p/6046.jpg 1 0 0 36 36
p/6045.jpg 1 0 0 38 38
p/6041.jpg 1 0 0 44 44
p/6040.jpg 1 0 0 37 37
p/6039.jpg 1 0 0 45 45
p/6038.jpg 1 0 0 39 39
p/6033.jpg 1 0 0 44 44
p/6034.jpg 1 0 0 36 36
p/6032.jpg 1 0 0 38 38
p/6031.jpg 1 0 0 44 44
p/6027.jpg 1 0 0 34 34
p/6026.jpg 1 0 0 39 39
p/6025.jpg 1 0 0 36 36
p/6024.jpg 1 0 0 39 39
p/6020.jpg 1 0 0 35 35
p/6019.jpg 1 0 0 66 66
p/6018.jpg 1 0 0 63 63
p/6017.jpg 1 0 0 60 60
p/6013.jpg 1 0 0 57 57
p/6012.jpg 1 0 0 35 35
p/6011.jpg 1 0 0 54 54
p/6010.jpg 1 0 0 37 37
p/6006.jpg 1 0 0 36 36
p/6005.jpg 1 0 0 51 51
p/6004.jpg 1 0 0 40 40
p/6003.jpg 1 0 0 49 49
p/5999.jpg 1 0 0 46 46
p/5998.jpg 1 0 0 44 44
p/5997.jpg 1 0 0 48 48
p/5996.jpg 1 0 0 45 45
p/5709.jpg 1 0 0 43 43
p/5702.jpg 1 0 0 40 40
p/5637.jpg 1 0 0 38 38
p/5638.jpg 1 0 0 53 53
p/5636.jpg 1 0 0 50 50
p/5635.jpg 1 0 0 37 37
p/5634.jpg 1 0 0 49 49
p/5633.jpg 1 0 0 37 37
p/5632.jpg 1 0 0 48 48
p/5631.jpg 1 0 0 37 37
p/5630.jpg 1 0 0 37 37
p/5629.jpg 1 0 0 47 47
p/5628.jpg 1 0 0 46 46
p/5627.jpg 1 0 0 37 37
p/5626.jpg 1 0 0 45 45
p/5625.jpg 1 0 0 37 37
p/5624.jpg 1 0 0 44 44
p/5623.jpg 1 0 0 37 37
p/5622.jpg 1 0 0 43 43
p/5621.jpg 1 0 0 36 36
p/5619.jpg 1 0 0 34 34
p/5620.jpg 1 0 0 42 42
p/5618.jpg 1 0 0 42 42
p/5617.jpg 1 0 0 34 34
p/5616.jpg 1 0 0 40 40
p/5615.jpg 1 0 0 39 39
p/5614.jpg 1 0 0 39 39
p/5606.jpg 1 0 0 75 75
p/5605.jpg 1 0 0 77 77
p/5604.jpg 1 0 0 70 70
p/5495.jpg 1 0 0 41 41
p/5493.jpg 1 0 0 43 43
p/5487.jpg 1 0 0 45 45
p/5485.jpg 1 0 0 48 48
p/5483.jpg 1 0 0 51 51
p/5479.jpg 1 0 0 52 52
p/5475.jpg 1 0 0 51 51
p/5422.jpg 1 0 0 45 45
p/5421.jpg 1 0 0 45 45
p/5420.jpg 1 0 0 44 44
p/5419.jpg 1 0 0 46 46
p/5418.jpg 1 0 0 42 42
p/5417.jpg 1 0 0 45 45
p/5416.jpg 1 0 0 43 43
p/5414.jpg 1 0 0 42 42
p/5413.jpg 1 0 0 44 44
p/5412.jpg 1 0 0 42 42
p/5411.jpg 1 0 0 43 43
p/5410.jpg 1 0 0 40 40
p/5409.jpg 1 0 0 44 44
p/5408.jpg 1 0 0 39 39
p/5406.jpg 1 0 0 40 40
p/5405.jpg 1 0 0 42 42
p/5404.jpg 1 0 0 38 38
p/5403.jpg 1 0 0 41 41
p/5402.jpg 1 0 0 38 38
p/5401.jpg 1 0 0 40 40
p/5400.jpg 1 0 0 37 37
p/5398.jpg 1 0 0 36 36
p/5397.jpg 1 0 0 42 42
p/5396.jpg 1 0 0 37 37
p/5394.jpg 1 0 0 35 35
p/5395.jpg 1 0 0 39 39
p/5393.jpg 1 0 0 39 39
p/5392.jpg 1 0 0 33 33
p/5327.jpg 1 0 0 49 49
p/5326.jpg 1 0 0 50 50
p/5325.jpg 1 0 0 48 48
p/5324.jpg 1 0 0 46 46
p/5323.jpg 1 0 0 45 45
p/5322.jpg 1 0 0 43 43
p/5321.jpg 1 0 0 45 45
p/5320.jpg 1 0 0 46 46
p/5319.jpg 1 0 0 47 47
p/5318.jpg 1 0 0 46 46
p/5317.jpg 1 0 0 46 46
p/5316.jpg 1 0 0 45 45
p/5315.jpg 1 0 0 41 41
p/5314.jpg 1 0 0 41 41
p/5313.jpg 1 0 0 40 40
p/5312.jpg 1 0 0 37 37
p/5311.jpg 1 0 0 35 35
p/5310.jpg 1 0 0 33 33
p/5309.jpg 1 0 0 74 74
p/5308.jpg 1 0 0 70 70
p/5307.jpg 1 0 0 69 69
p/5306.jpg 1 0 0 66 66
p/5305.jpg 1 0 0 37 37
p/5304.jpg 1 0 0 40 40
p/5260.jpg 1 0 0 59 59
p/5259.jpg 1 0 0 57 57
p/5258.jpg 1 0 0 63 63
p/5257.jpg 1 0 0 72 72
p/5256.jpg 1 0 0 65 65
p/5252.jpg 1 0 0 52 52
p/5251.jpg 1 0 0 53 53
p/5250.jpg 1 0 0 52 52
p/5249.jpg 1 0 0 51 51
p/5248.jpg 1 0 0 50 50
p/5247.jpg 1 0 0 49 49
p/5246.jpg 1 0 0 47 47
p/5244.jpg 1 0 0 47 47
p/5243.jpg 1 0 0 43 43
p/5242.jpg 1 0 0 45 45
p/5241.jpg 1 0 0 42 42
p/5240.jpg 1 0 0 44 44
p/5239.jpg 1 0 0 41 41
p/5236.jpg 1 0 0 40 40
p/5235.jpg 1 0 0 39 39
p/5234.jpg 1 0 0 37 37
p/5233.jpg 1 0 0 35 35
p/5232.jpg 1 0 0 34 34
p/5220.jpg 1 0 0 65 65
p/5219.jpg 1 0 0 57 57
p/5218.jpg 1 0 0 51 51
p/5217.jpg 1 0 0 60 60
p/5216.jpg 1 0 0 51 51
p/5211.jpg 1 0 0 50 50
p/5212.jpg 1 0 0 56 56
p/5210.jpg 1 0 0 56 56
p/5209.jpg 1 0 0 55 55
p/5208.jpg 1 0 0 57 57
p/5204.jpg 1 0 0 53 53
p/5203.jpg 1 0 0 51 51
p/5202.jpg 1 0 0 34 34
p/5201.jpg 1 0 0 54 54
p/5200.jpg 1 0 0 45 45
p/5196.jpg 1 0 0 46 46
p/5195.jpg 1 0 0 51 51
p/5194.jpg 1 0 0 44 44
p/5193.jpg 1 0 0 51 51
p/5192.jpg 1 0 0 43 43
p/5190.jpg 1 0 0 45 45
p/5189.jpg 1 0 0 47 47
p/5188.jpg 1 0 0 44 44
p/5187.jpg 1 0 0 47 47
p/5186.jpg 1 0 0 44 44
p/5185.jpg 1 0 0 48 48
p/5184.jpg 1 0 0 47 47
p/5183.jpg 1 0 0 46 46
p/5182.jpg 1 0 0 47 47
p/5181.jpg 1 0 0 48 48
p/5180.jpg 1 0 0 42 42
p/5179.jpg 1 0 0 49 49
p/5178.jpg 1 0 0 42 42
p/5177.jpg 1 0 0 41 41
p/5176.jpg 1 0 0 43 43
p/5175.jpg 1 0 0 40 40
p/5174.jpg 1 0 0 46 46
p/5172.jpg 1 0 0 42 42
p/5173.jpg 1 0 0 41 41
p/5170.jpg 1 0 0 38 38
p/5171.jpg 1 0 0 41 41
p/5169.jpg 1 0 0 40 40
p/5168.jpg 1 0 0 38 38
p/5167.jpg 1 0 0 41 41
p/5166.jpg 1 0 0 38 38
p/5165.jpg 1 0 0 41 41
p/5164.jpg 1 0 0 35 35
p/5163.jpg 1 0 0 37 37
p/5162.jpg 1 0 0 41 41
p/5161.jpg 1 0 0 37 37
p/5160.jpg 1 0 0 38 38
p/5159.jpg 1 0 0 40 40
p/5158.jpg 1 0 0 37 37
p/5157.jpg 1 0 0 39 39
p/5156.jpg 1 0 0 36 36
p/5154.jpg 1 0 0 36 36
p/5153.jpg 1 0 0 36 36
p/5152.jpg 1 0 0 34 34
p/5151.jpg 1 0 0 36 36
p/5146.jpg 1 0 0 36 36
p/5145.jpg 1 0 0 34 34
p/5144.jpg 1 0 0 34 34
p/5138.jpg 1 0 0 69 69
p/5137.jpg 1 0 0 76 76
p/5136.jpg 1 0 0 69 69
p/5135.jpg 1 0 0 69 69
p/5134.jpg 1 0 0 66 66
p/5133.jpg 1 0 0 59 59
p/5132.jpg 1 0 0 60 60
p/5131.jpg 1 0 0 63 63
p/5077.jpg 1 0 0 41 41
p/5076.jpg 1 0 0 37 37
p/5075.jpg 1 0 0 42 42
p/5074.jpg 1 0 0 38 38
p/5073.jpg 1 0 0 38 38
p/5072.jpg 1 0 0 40 40
p/5071.jpg 1 0 0 40 40
p/5068.jpg 1 0 0 43 43
p/5069.jpg 1 0 0 41 41
p/5067.jpg 1 0 0 41 41
p/5066.jpg 1 0 0 41 41
p/5065.jpg 1 0 0 42 42
p/5064.jpg 1 0 0 39 39
p/5063.jpg 1 0 0 43 43
p/5062.jpg 1 0 0 40 40
p/5061.jpg 1 0 0 48 48
p/5060.jpg 1 0 0 42 42
p/5059.jpg 1 0 0 47 47
p/5058.jpg 1 0 0 45 45
p/5057.jpg 1 0 0 50 50
p/5056.jpg 1 0 0 48 48
p/5055.jpg 1 0 0 50 50
p/5054.jpg 1 0 0 52 52
p/5053.jpg 1 0 0 50 50
p/5052.jpg 1 0 0 52 52
p/5051.jpg 1 0 0 51 51
p/5050.jpg 1 0 0 50 50
p/5049.jpg 1 0 0 52 52
p/5048.jpg 1 0 0 51 51
p/5047.jpg 1 0 0 50 50
p/5046.jpg 1 0 0 50 50
p/5045.jpg 1 0 0 57 57
p/5044.jpg 1 0 0 52 52
p/5043.jpg 1 0 0 55 55
p/5042.jpg 1 0 0 57 57
p/5041.jpg 1 0 0 54 54
p/5040.jpg 1 0 0 66 66
p/5039.jpg 1 0 0 60 60
p/5038.jpg 1 0 0 65 65
p/5037.jpg 1 0 0 66 66
p/5036.jpg 1 0 0 37 37
p/5035.jpg 1 0 0 67 67
p/5034.jpg 1 0 0 59 59
p/5033.jpg 1 0 0 75 75
p/5032.jpg 1 0 0 58 58
p/5031.jpg 1 0 0 72 72
p/5030.jpg 1 0 0 66 66
p/4966.jpg 1 0 0 58 58
p/4965.jpg 1 0 0 44 44
p/4964.jpg 1 0 0 54 54
p/4963.jpg 1 0 0 46 46
p/4962.jpg 1 0 0 70 70
p/4961.jpg 1 0 0 52 52
p/4960.jpg 1 0 0 42 42
p/4959.jpg 1 0 0 69 69
p/4958.jpg 1 0 0 50 50
p/4957.jpg 1 0 0 40 40
p/4956.jpg 1 0 0 47 47
p/4955.jpg 1 0 0 40 40
p/4954.jpg 1 0 0 43 43
p/4953.jpg 1 0 0 41 41
p/4952.jpg 1 0 0 38 38
p/4951.jpg 1 0 0 40 40
p/4950.jpg 1 0 0 39 39
p/4949.jpg 1 0 0 40 40
p/4948.jpg 1 0 0 41 41
p/4947.jpg 1 0 0 38 38
p/4946.jpg 1 0 0 41 41
p/4945.jpg 1 0 0 38 38
p/4944.jpg 1 0 0 39 39
p/4943.jpg 1 0 0 39 39
p/4942.jpg 1 0 0 36 36
p/4941.jpg 1 0 0 38 38
p/4940.jpg 1 0 0 38 38
p/4939.jpg 1 0 0 37 37
p/4859.jpg 1 0 0 81 81
p/4858.jpg 1 0 0 84 84
p/4857.jpg 1 0 0 88 88
p/4856.jpg 1 0 0 39 39
p/4855.jpg 1 0 0 60 60
p/4852.jpg 1 0 0 47 47
p/4851.jpg 1 0 0 47 47
p/4850.jpg 1 0 0 48 48
p/4849.jpg 1 0 0 45 45
p/4848.jpg 1 0 0 45 45
p/4845.jpg 1 0 0 42 42
p/4844.jpg 1 0 0 41 41
p/4843.jpg 1 0 0 41 41
p/4842.jpg 1 0 0 41 41
p/4841.jpg 1 0 0 40 40
p/4838.jpg 1 0 0 36 36
p/4837.jpg 1 0 0 35 35
p/4836.jpg 1 0 0 34 34
p/4835.jpg 1 0 0 33 33
p/4834.jpg 1 0 0 32 32
p/3161.jpg 1 0 0 39 39
p/3151.jpg 1 0 0 37 37
p/3143.jpg 1 0 0 36 36
p/3141.jpg 1 0 0 35 35
p/3133.jpg 1 0 0 34 34
p/3131.jpg 1 0 0 33 33
p/3123.jpg 1 0 0 52 52
p/3122.jpg 1 0 0 49 49
p/3121.jpg 1 0 0 51 51
p/3120.jpg 1 0 0 45 45
p/3119.jpg 1 0 0 49 49
p/3118.jpg 1 0 0 44 44
p/3117.jpg 1 0 0 45 45
p/3116.jpg 1 0 0 44 44
p/3115.jpg 1 0 0 42 42
p/3114.jpg 1 0 0 41 41
p/3113.jpg 1 0 0 41 41
p/3112.jpg 1 0 0 40 40
p/3111.jpg 1 0 0 40 40
p/3110.jpg 1 0 0 39 39
p/3109.jpg 1 0 0 38 38
p/3108.jpg 1 0 0 38 38
p/3107.jpg 1 0 0 68 68
p/3106.jpg 1 0 0 38 38
p/3105.jpg 1 0 0 36 36
p/3104.jpg 1 0 0 37 37
p/3103.jpg 1 0 0 60 60
p/3102.jpg 1 0 0 37 37
p/3101.jpg 1 0 0 67 67
p/3100.jpg 1 0 0 35 35
p/3099.jpg 1 0 0 35 35
p/3098.jpg 1 0 0 36 36
p/3097.jpg 1 0 0 53 53
p/3096.jpg 1 0 0 34 34
p/3095.jpg 1 0 0 33 33
p/3094.jpg 1 0 0 56 56
p/3093.jpg 1 0 0 33 33
p/3092.jpg 1 0 0 33 33
p/3091.jpg 1 0 0 32 32
p/3090.jpg 1 0 0 52 52
p/3089.jpg 1 0 0 55 55
p/3088.jpg 1 0 0 53 53
p/3087.jpg 1 0 0 51 51
p/3086.jpg 1 0 0 56 56
p/3085.jpg 1 0 0 49 49
p/3084.jpg 1 0 0 50 50
p/3083.jpg 1 0 0 43 43
p/3082.jpg 1 0 0 44 44
p/3081.jpg 1 0 0 39 39
p/3080.jpg 1 0 0 41 41
p/3079.jpg 1 0 0 39 39
p/3078.jpg 1 0 0 42 42
p/3077.jpg 1 0 0 39 39
p/3076.jpg 1 0 0 38 38
p/3075.jpg 1 0 0 37 37
p/3074.jpg 1 0 0 38 38
p/3073.jpg 1 0 0 38 38
p/3072.jpg 1 0 0 38 38
p/3071.jpg 1 0 0 37 37
p/3070.jpg 1 0 0 38 38
p/3069.jpg 1 0 0 37 37
p/3068.jpg 1 0 0 36 36
p/3067.jpg 1 0 0 37 37
p/3066.jpg 1 0 0 36 36
p/3065.jpg 1 0 0 35 35
p/3064.jpg 1 0 0 35 35
p/3063.jpg 1 0 0 36 36
p/3052.jpg 1 0 0 53 53
p/3051.jpg 1 0 0 49 49
p/3050.jpg 1 0 0 45 45
p/3049.jpg 1 0 0 48 48
p/3048.jpg 1 0 0 45 45
p/3047.jpg 1 0 0 46 46
p/3046.jpg 1 0 0 46 46
p/3045.jpg 1 0 0 43 43
p/3044.jpg 1 0 0 41 41
p/3043.jpg 1 0 0 39 39
p/3042.jpg 1 0 0 42 42
p/3041.jpg 1 0 0 39 39
p/3040.jpg 1 0 0 40 40
p/3039.jpg 1 0 0 41 41
p/3038.jpg 1 0 0 38 38
p/3037.jpg 1 0 0 38 38
p/3036.jpg 1 0 0 39 39
p/3035.jpg 1 0 0 37 37
p/3034.jpg 1 0 0 37 37
p/3033.jpg 1 0 0 36 36
p/3032.jpg 1 0 0 34 34
p/3031.jpg 1 0 0 35 35
p/3030.jpg 1 0 0 36 36
p/3029.jpg 1 0 0 34 34
p/3028.jpg 1 0 0 35 35
p/3027.jpg 1 0 0 35 35
p/3026.jpg 1 0 0 35 35
p/3025.jpg 1 0 0 33 33
p/3024.jpg 1 0 0 35 35
p/3023.jpg 1 0 0 36 36
p/3022.jpg 1 0 0 48 48
p/3021.jpg 1 0 0 34 34
p/3020.jpg 1 0 0 46 46
p/3019.jpg 1 0 0 33 33
p/3018.jpg 1 0 0 46 46
p/3017.jpg 1 0 0 45 45
p/3016.jpg 1 0 0 43 43
p/3015.jpg 1 0 0 46 46
p/3014.jpg 1 0 0 42 42
p/3013.jpg 1 0 0 64 64
p/2942.jpg 1 0 0 37 37
p/2941.jpg 1 0 0 50 50
p/2938.jpg 1 0 0 49 49
p/2935.jpg 1 0 0 48 48
p/2928.jpg 1 0 0 45 45
p/2927.jpg 1 0 0 45 45
p/2920.jpg 1 0 0 35 35
p/2919.jpg 1 0 0 44 44
p/2916.jpg 1 0 0 35 35
p/2915.jpg 1 0 0 45 45
p/2913.jpg 1 0 0 35 35
p/2911.jpg 1 0 0 34 34
p/2910.jpg 1 0 0 43 43
p/2909.jpg 1 0 0 33 33
p/2902.jpg 1 0 0 39 39
p/2901.jpg 1 0 0 45 45
p/2900.jpg 1 0 0 40 40
p/2899.jpg 1 0 0 37 37
p/2898.jpg 1 0 0 37 37
p/2897.jpg 1 0 0 37 37
p/2895.jpg 1 0 0 36 36
p/2896.jpg 1 0 0 42 42
p/2894.jpg 1 0 0 43 43
p/2893.jpg 1 0 0 36 36
p/2891.jpg 1 0 0 36 36
p/2892.jpg 1 0 0 42 42
p/2890.jpg 1 0 0 41 41
p/2889.jpg 1 0 0 35 35
p/2888.jpg 1 0 0 42 42
p/2887.jpg 1 0 0 35 35
p/2885.jpg 1 0 0 35 35
p/2886.jpg 1 0 0 41 41
p/2884.jpg 1 0 0 41 41
p/2883.jpg 1 0 0 35 35
p/2882.jpg 1 0 0 41 41
p/2881.jpg 1 0 0 34 34
p/2880.jpg 1 0 0 40 40
p/2879.jpg 1 0 0 34 34
p/2878.jpg 1 0 0 41 41
p/2877.jpg 1 0 0 41 41
p/2876.jpg 1 0 0 39 39
p/2875.jpg 1 0 0 37 37
p/2874.jpg 1 0 0 39 39
p/2873.jpg 1 0 0 38 38
p/2872.jpg 1 0 0 37 37
p/2871.jpg 1 0 0 38 38
p/2870.jpg 1 0 0 36 36
p/2869.jpg 1 0 0 40 40
p/2868.jpg 1 0 0 38 38
p/2867.jpg 1 0 0 37 37
p/2866.jpg 1 0 0 37 37
p/2865.jpg 1 0 0 37 37
p/2864.jpg 1 0 0 35 35
p/2863.jpg 1 0 0 35 35
p/2862.jpg 1 0 0 38 38
p/2861.jpg 1 0 0 36 36
p/2860.jpg 1 0 0 37 37
p/2859.jpg 1 0 0 36 36
p/2858.jpg 1 0 0 35 35
p/2857.jpg 1 0 0 34 34
p/2856.jpg 1 0 0 33 33
p/2855.jpg 1 0 0 35 35
p/2854.jpg 1 0 0 34 34
p/2853.jpg 1 0 0 36 36
p/2850.jpg 1 0 0 73 73
p/2840.jpg 1 0 0 70 70
p/2835.jpg 1 0 0 63 63
p/2825.jpg 1 0 0 53 53
p/2823.jpg 1 0 0 50 50
p/2811.jpg 1 0 0 40 40
p/2810.jpg 1 0 0 48 48
p/2809.jpg 1 0 0 41 41
p/2808.jpg 1 0 0 44 44
p/2807.jpg 1 0 0 45 45
p/2806.jpg 1 0 0 43 43
p/2804.jpg 1 0 0 34 34
p/2805.jpg 1 0 0 42 42
p/2802.jpg 1 0 0 42 42
p/2803.jpg 1 0 0 45 45
p/2801.jpg 1 0 0 40 40
p/2800.jpg 1 0 0 42 42
p/2798.jpg 1 0 0 40 40
p/2799.jpg 1 0 0 47 47
p/2797.jpg 1 0 0 47 47
p/2796.jpg 1 0 0 38 38
p/2795.jpg 1 0 0 48 48
p/2794.jpg 1 0 0 40 40
p/2793.jpg 1 0 0 49 49
p/2792.jpg 1 0 0 39 39
p/2791.jpg 1 0 0 52 52
p/2790.jpg 1 0 0 37 37
p/2788.jpg 1 0 0 40 40
p/2789.jpg 1 0 0 50 50
p/2787.jpg 1 0 0 55 55
p/2786.jpg 1 0 0 39 39
p/2785.jpg 1 0 0 50 50
p/2784.jpg 1 0 0 34 34
p/2783.jpg 1 0 0 36 36
p/2782.jpg 1 0 0 53 53
p/2780.jpg 1 0 0 34 34
p/2781.jpg 1 0 0 35 35
p/2779.jpg 1 0 0 53 53
p/2778.jpg 1 0 0 54 54
p/2776.jpg 1 0 0 38 38
p/2777.jpg 1 0 0 34 34
p/2774.jpg 1 0 0 60 60
p/2775.jpg 1 0 0 52 52
p/2773.jpg 1 0 0 34 34
p/2772.jpg 1 0 0 37 37
p/2771.jpg 1 0 0 64 64
p/2769.jpg 1 0 0 58 58
p/2770.jpg 1 0 0 54 54
p/2768.jpg 1 0 0 37 37
p/2767.jpg 1 0 0 72 72
p/2766.jpg 1 0 0 59 59
p/2765.jpg 1 0 0 51 51
p/2764.jpg 1 0 0 37 37
p/2763.jpg 1 0 0 68 68
p/2762.jpg 1 0 0 51 51
p/2761.jpg 1 0 0 56 56
p/2760.jpg 1 0 0 34 34
p/2759.jpg 1 0 0 37 37
p/2757.jpg 1 0 0 52 52
p/2758.jpg 1 0 0 58 58
p/2756.jpg 1 0 0 36 36
p/2755.jpg 1 0 0 37 37
p/2754.jpg 1 0 0 63 63
p/2753.jpg 1 0 0 50 50
p/2751.jpg 1 0 0 37 37
p/2752.jpg 1 0 0 37 37
p/2750.jpg 1 0 0 61 61
p/2749.jpg 1 0 0 57 57
p/2748.jpg 1 0 0 47 47
p/2747.jpg 1 0 0 37 37
p/2746.jpg 1 0 0 35 35
p/2745.jpg 1 0 0 64 64
p/2744.jpg 1 0 0 53 53
p/2743.jpg 1 0 0 45 45
p/2741.jpg 1 0 0 35 35
p/2742.jpg 1 0 0 46 46
p/2740.jpg 1 0 0 72 72
p/2739.jpg 1 0 0 53 53
p/2737.jpg 1 0 0 45 45
p/2738.jpg 1 0 0 44 44
p/2736.jpg 1 0 0 34 34
p/2735.jpg 1 0 0 77 77
p/2734.jpg 1 0 0 57 57
p/2733.jpg 1 0 0 47 47
p/2732.jpg 1 0 0 43 43
p/2731.jpg 1 0 0 34 34
p/2730.jpg 1 0 0 68 68
p/2729.jpg 1 0 0 62 62
p/2728.jpg 1 0 0 40 40
p/2727.jpg 1 0 0 34 34
p/2726.jpg 1 0 0 69 69
p/2725.jpg 1 0 0 51 51
p/2724.jpg 1 0 0 41 41
p/2723.jpg 1 0 0 33 33
p/2722.jpg 1 0 0 49 49
p/2721.jpg 1 0 0 39 39
p/2720.jpg 1 0 0 33 33
p/2719.jpg 1 0 0 46 46
p/2717.jpg 1 0 0 32 32
p/2718.jpg 1 0 0 39 39
p/2716.jpg 1 0 0 81 81
p/2715.jpg 1 0 0 47 47
p/2714.jpg 1 0 0 39 39
p/2713.jpg 1 0 0 78 78
p/2711.jpg 1 0 0 39 39
p/2712.jpg 1 0 0 46 46
p/2710.jpg 1 0 0 79 79
p/2709.jpg 1 0 0 37 37
p/2708.jpg 1 0 0 45 45
p/2707.jpg 1 0 0 83 83
p/2706.jpg 1 0 0 43 43
p/2705.jpg 1 0 0 36 36
p/2704.jpg 1 0 0 86 86
p/2703.jpg 1 0 0 46 46
p/2702.jpg 1 0 0 35 35
p/2701.jpg 1 0 0 87 87
p/2700.jpg 1 0 0 48 48
p/2699.jpg 1 0 0 36 36
p/2698.jpg 1 0 0 85 85
p/2696.jpg 1 0 0 35 35
p/2697.jpg 1 0 0 47 47
p/2695.jpg 1 0 0 82 82
p/2693.jpg 1 0 0 33 33
p/2694.jpg 1 0 0 39 39
p/2692.jpg 1 0 0 83 83
p/2691.jpg 1 0 0 42 42
p/2690.jpg 1 0 0 88 88
p/2689.jpg 1 0 0 56 56
p/2688.jpg 1 0 0 40 40
p/2687.jpg 1 0 0 39 39
p/2686.jpg 1 0 0 101 101
p/2685.jpg 1 0 0 59 59
p/2684.jpg 1 0 0 39 39
p/2683.jpg 1 0 0 114 114
p/2682.jpg 1 0 0 57 57
p/2681.jpg 1 0 0 39 39
p/2680.jpg 1 0 0 102 102
p/2679.jpg 1 0 0 62 62
p/2678.jpg 1 0 0 39 39
p/2677.jpg 1 0 0 64 64
p/2676.jpg 1 0 0 37 37
p/2675.jpg 1 0 0 116 116
p/2674.jpg 1 0 0 64 64
p/2673.jpg 1 0 0 56 56
p/2672.jpg 1 0 0 36 36
p/2671.jpg 1 0 0 114 114
p/2670.jpg 1 0 0 70 70
p/2669.jpg 1 0 0 54 54
p/2668.jpg 1 0 0 37 37
p/2667.jpg 1 0 0 117 117
p/2666.jpg 1 0 0 69 69
p/2665.jpg 1 0 0 55 55
p/2664.jpg 1 0 0 38 38
p/2663.jpg 1 0 0 129 129
p/2662.jpg 1 0 0 52 52
p/2661.jpg 1 0 0 37 37
p/2660.jpg 1 0 0 50 50
p/2659.jpg 1 0 0 37 37
p/2657.jpg 1 0 0 38 38
p/2658.jpg 1 0 0 50 50
p/2656.jpg 1 0 0 49 49
p/2655.jpg 1 0 0 37 37
p/2654.jpg 1 0 0 46 46
p/2653.jpg 1 0 0 37 37
p/2652.jpg 1 0 0 44 44
p/2651.jpg 1 0 0 36 36
p/2650.jpg 1 0 0 43 43
p/2649.jpg 1 0 0 35 35
p/2647.jpg 1 0 0 36 36
p/2648.jpg 1 0 0 43 43
p/2646.jpg 1 0 0 34 34
p/2645.jpg 1 0 0 33 33
p/2644.jpg 1 0 0 40 40
p/2643.jpg 1 0 0 34 34
p/2642.jpg 1 0 0 39 39
p/2563.jpg 1 0 0 42 42
p/2562.jpg 1 0 0 35 35
p/2561.jpg 1 0 0 40 40
p/2560.jpg 1 0 0 34 34
p/2558.jpg 1 0 0 34 34
p/2559.jpg 1 0 0 40 40
p/2557.jpg 1 0 0 41 41
p/2556.jpg 1 0 0 40 40
p/2555.jpg 1 0 0 41 41
p/2554.jpg 1 0 0 42 42
p/2553.jpg 1 0 0 40 40
p/2552.jpg 1 0 0 34 34
p/2551.jpg 1 0 0 40 40
p/2550.jpg 1 0 0 35 35
p/2549.jpg 1 0 0 43 43
p/2548.jpg 1 0 0 37 37
p/2547.jpg 1 0 0 36 36
p/2546.jpg 1 0 0 32 32
p/2545.jpg 1 0 0 42 42
p/2544.jpg 1 0 0 37 37
p/2543.jpg 1 0 0 39 39
p/2542.jpg 1 0 0 33 33
p/2540.jpg 1 0 0 39 39
p/2541.jpg 1 0 0 34 34
p/2539.jpg 1 0 0 33 33
p/2537.jpg 1 0 0 36 36
p/2538.jpg 1 0 0 39 39
p/2536.jpg 1 0 0 38 38
p/2534.jpg 1 0 0 33 33
p/2535.jpg 1 0 0 37 37
p/2533.jpg 1 0 0 37 37
p/2532.jpg 1 0 0 38 38
p/2531.jpg 1 0 0 37 37
p/2530.jpg 1 0 0 37 37
p/2528.jpg 1 0 0 34 34
p/2529.jpg 1 0 0 38 38
p/2526.jpg 1 0 0 35 35
p/2527.jpg 1 0 0 40 40
p/2524.jpg 1 0 0 38 38
p/2525.jpg 1 0 0 35 35
p/2523.jpg 1 0 0 41 41
p/2522.jpg 1 0 0 34 34
p/2521.jpg 1 0 0 47 47
p/2520.jpg 1 0 0 33 33
p/2519.jpg 1 0 0 44 44
p/2518.jpg 1 0 0 47 47
p/2517.jpg 1 0 0 32 32
p/2516.jpg 1 0 0 43 43
p/2515.jpg 1 0 0 48 48
p/2514.jpg 1 0 0 50 50
p/2513.jpg 1 0 0 55 55
p/2512.jpg 1 0 0 42 42
p/2511.jpg 1 0 0 49 49
p/2510.jpg 1 0 0 52 52
p/2509.jpg 1 0 0 55 55
p/2508.jpg 1 0 0 63 63
p/2507.jpg 1 0 0 58 58
p/2506.jpg 1 0 0 67 67
p/2505.jpg 1 0 0 59 59
p/2504.jpg 1 0 0 63 63
p/2503.jpg 1 0 0 67 67
p/2502.jpg 1 0 0 69 69
p/2501.jpg 1 0 0 65 65
p/2500.jpg 1 0 0 70 70
p/2499.jpg 1 0 0 77 77
p/2498.jpg 1 0 0 77 77
p/2497.jpg 1 0 0 78 78
p/2496.jpg 1 0 0 71 71
p/2495.jpg 1 0 0 61 61
p/2494.jpg 1 0 0 61 61
p/2493.jpg 1 0 0 66 66
p/2492.jpg 1 0 0 62 62
p/2491.jpg 1 0 0 65 65
p/2490.jpg 1 0 0 61 61
p/2489.jpg 1 0 0 62 62
p/2488.jpg 1 0 0 55 55
p/2487.jpg 1 0 0 53 53
p/2486.jpg 1 0 0 52 52
p/2485.jpg 1 0 0 50 50
p/2484.jpg 1 0 0 45 45
p/2483.jpg 1 0 0 48 48
p/2482.jpg 1 0 0 46 46
p/2481.jpg 1 0 0 45 45
p/2480.jpg 1 0 0 46 46
p/2479.jpg 1 0 0 43 43
p/2478.jpg 1 0 0 43 43
p/2477.jpg 1 0 0 41 41
p/2476.jpg 1 0 0 39 39
p/2475.jpg 1 0 0 40 40
p/2474.jpg 1 0 0 38 38
p/2473.jpg 1 0 0 39 39
p/2472.jpg 1 0 0 37 37
p/2471.jpg 1 0 0 37 37
p/2470.jpg 1 0 0 37 37
p/2469.jpg 1 0 0 36 36
p/2468.jpg 1 0 0 37 37
p/2467.jpg 1 0 0 37 37
p/2466.jpg 1 0 0 37 37
p/2465.jpg 1 0 0 38 38
p/2464.jpg 1 0 0 37 37
p/2463.jpg 1 0 0 36 36
p/2462.jpg 1 0 0 36 36
p/2461.jpg 1 0 0 35 35
p/2460.jpg 1 0 0 32 32
p/2459.jpg 1 0 0 33 33
p/2458.jpg 1 0 0 34 34
p/2457.jpg 1 0 0 35 35
p/2456.jpg 1 0 0 36 36
p/2455.jpg 1 0 0 36 36
p/2454.jpg 1 0 0 36 36
p/2453.jpg 1 0 0 36 36
p/2452.jpg 1 0 0 39 39
p/2451.jpg 1 0 0 38 38
p/2450.jpg 1 0 0 40 40
p/2449.jpg 1 0 0 41 41
p/2448.jpg 1 0 0 41 41
p/2447.jpg 1 0 0 41 41
p/2446.jpg 1 0 0 41 41
p/2445.jpg 1 0 0 41 41
p/2443.jpg 1 0 0 43 43
p/2442.jpg 1 0 0 42 42
p/2440.jpg 1 0 0 47 47
p/2438.jpg 1 0 0 45 45
p/2437.jpg 1 0 0 51 51
p/2435.jpg 1 0 0 50 50
p/2433.jpg 1 0 0 51 51
p/2432.jpg 1 0 0 57 57
p/2430.jpg 1 0 0 54 54
p/2429.jpg 1 0 0 55 55
p/2427.jpg 1 0 0 47 47
p/2426.jpg 1 0 0 52 52
p/2425.jpg 1 0 0 43 43
p/2424.jpg 1 0 0 54 54
p/2423.jpg 1 0 0 57 57
p/2420.jpg 1 0 0 57 57
p/2419.jpg 1 0 0 53 53
p/2417.jpg 1 0 0 53 53
p/2415.jpg 1 0 0 55 55
p/2414.jpg 1 0 0 52 52
p/2413.jpg 1 0 0 58 58
p/2412.jpg 1 0 0 63 63
p/2411.jpg 1 0 0 57 57
p/2410.jpg 1 0 0 65 65
p/2409.jpg 1 0 0 35 35
p/2408.jpg 1 0 0 67 67
p/2407.jpg 1 0 0 59 59
p/2406.jpg 1 0 0 62 62
p/2405.jpg 1 0 0 65 65
p/2404.jpg 1 0 0 62 62
p/2403.jpg 1 0 0 65 65
p/2402.jpg 1 0 0 61 61
p/2401.jpg 1 0 0 59 59
p/2400.jpg 1 0 0 64 64
p/2399.jpg 1 0 0 58 58
p/2398.jpg 1 0 0 71 71
p/2397.jpg 1 0 0 59 59
p/2396.jpg 1 0 0 64 64
p/2395.jpg 1 0 0 56 56
p/2394.jpg 1 0 0 71 71
p/2393.jpg 1 0 0 50 50
p/2392.jpg 1 0 0 70 70
p/2391.jpg 1 0 0 49 49
p/2390.jpg 1 0 0 74 74
p/2389.jpg 1 0 0 50 50
p/2388.jpg 1 0 0 81 81
p/2387.jpg 1 0 0 47 47
p/2386.jpg 1 0 0 81 81
p/2385.jpg 1 0 0 46 46
p/2384.jpg 1 0 0 87 87
p/2383.jpg 1 0 0 44 44
p/2382.jpg 1 0 0 83 83
p/2381.jpg 1 0 0 48 48
p/2380.jpg 1 0 0 88 88
p/2379.jpg 1 0 0 47 47
p/2378.jpg 1 0 0 93 93
p/2377.jpg 1 0 0 44 44
p/2376.jpg 1 0 0 93 93
p/2375.jpg 1 0 0 38 38
p/2374.jpg 1 0 0 97 97
p/2373.jpg 1 0 0 42 42
p/2372.jpg 1 0 0 96 96
p/2371.jpg 1 0 0 40 40
p/2370.jpg 1 0 0 102 102
p/2369.jpg 1 0 0 38 38
p/2368.jpg 1 0 0 101 101
p/2367.jpg 1 0 0 38 38
p/2366.jpg 1 0 0 37 37
p/2365.jpg 1 0 0 37 37
p/2364.jpg 1 0 0 39 39
p/2363.jpg 1 0 0 36 36
p/2362.jpg 1 0 0 36 36
p/2361.jpg 1 0 0 37 37
p/2360.jpg 1 0 0 35 35
p/2359.jpg 1 0 0 36 36
p/2358.jpg 1 0 0 35 35
p/2357.jpg 1 0 0 39 39
p/2356.jpg 1 0 0 39 39
p/2355.jpg 1 0 0 38 38
p/2351.jpg 1 0 0 34 34
p/2348.jpg 1 0 0 34 34
p/2345.jpg 1 0 0 72 72
p/2344.jpg 1 0 0 66 66
p/2343.jpg 1 0 0 60 60
p/2342.jpg 1 0 0 49 49
p/2341.jpg 1 0 0 52 52
p/2340.jpg 1 0 0 53 53
p/2339.jpg 1 0 0 35 35
p/2338.jpg 1 0 0 37 37
p/2337.jpg 1 0 0 37 37
p/2336.jpg 1 0 0 37 37
p/2335.jpg 1 0 0 36 36
p/2334.jpg 1 0 0 40 40
p/2333.jpg 1 0 0 37 37
p/2332.jpg 1 0 0 36 36
p/2331.jpg 1 0 0 38 38
p/2330.jpg 1 0 0 42 42
p/2329.jpg 1 0 0 34 34
p/2328.jpg 1 0 0 35 35
p/2327.jpg 1 0 0 34 34
p/2326.jpg 1 0 0 44 44
p/2324.jpg 1 0 0 35 35
p/2325.jpg 1 0 0 44 44
p/2323.jpg 1 0 0 36 36
p/2322.jpg 1 0 0 45 45
p/2321.jpg 1 0 0 48 48
p/2320.jpg 1 0 0 34 34
p/2319.jpg 1 0 0 53 53
p/2318.jpg 1 0 0 38 38
p/2317.jpg 1 0 0 50 50
p/2316.jpg 1 0 0 52 52
p/2315.jpg 1 0 0 52 52
p/2314.jpg 1 0 0 55 55
p/2313.jpg 1 0 0 60 60
p/2312.jpg 1 0 0 53 53
p/2311.jpg 1 0 0 56 56
p/2310.jpg 1 0 0 56 56
p/2309.jpg 1 0 0 56 56
p/2308.jpg 1 0 0 66 66
p/2307.jpg 1 0 0 67 67
p/2306.jpg 1 0 0 84 84
p/2305.jpg 1 0 0 75 75
p/2304.jpg 1 0 0 60 60
p/2303.jpg 1 0 0 60 60
p/2302.jpg 1 0 0 61 61
p/2301.jpg 1 0 0 66 66
p/2300.jpg 1 0 0 72 72
p/2299.jpg 1 0 0 70 70
p/2298.jpg 1 0 0 40 40
p/2297.jpg 1 0 0 43 43
p/2296.jpg 1 0 0 95 95
p/2295.jpg 1 0 0 41 41
p/2294.jpg 1 0 0 91 91
p/2293.jpg 1 0 0 41 41
p/2292.jpg 1 0 0 90 90
p/2291.jpg 1 0 0 45 45
p/2290.jpg 1 0 0 90 90
p/2289.jpg 1 0 0 46 46
p/2288.jpg 1 0 0 89 89
p/2287.jpg 1 0 0 47 47
p/2286.jpg 1 0 0 87 87
p/2285.jpg 1 0 0 49 49
p/2284.jpg 1 0 0 52 52
p/2283.jpg 1 0 0 35 35
p/2282.jpg 1 0 0 49 49
p/2281.jpg 1 0 0 50 50
p/2280.jpg 1 0 0 37 37
p/2279.jpg 1 0 0 55 55
p/2278.jpg 1 0 0 49 49
p/2277.jpg 1 0 0 44 44
p/2276.jpg 1 0 0 46 46
p/2275.jpg 1 0 0 48 48
p/2274.jpg 1 0 0 41 41
p/2273.jpg 1 0 0 38 38
p/2272.jpg 1 0 0 36 36
p/2271.jpg 1 0 0 37 37
p/2270.jpg 1 0 0 35 35
p/2269.jpg 1 0 0 36 36
p/2268.jpg 1 0 0 36 36
p/2267.jpg 1 0 0 40 40
p/2266.jpg 1 0 0 37 37
p/2265.jpg 1 0 0 36 36
p/2264.jpg 1 0 0 36 36
p/2263.jpg 1 0 0 37 37
p/2262.jpg 1 0 0 36 36
p/2261.jpg 1 0 0 45 45
p/2260.jpg 1 0 0 37 37
p/2259.jpg 1 0 0 43 43
p/2258.jpg 1 0 0 37 37
p/2257.jpg 1 0 0 39 39
p/2256.jpg 1 0 0 44 44
p/2255.jpg 1 0 0 37 37
p/2253.jpg 1 0 0 41 41
p/2254.jpg 1 0 0 38 38
p/2252.jpg 1 0 0 42 42
p/2251.jpg 1 0 0 37 37
p/2250.jpg 1 0 0 36 36
p/2249.jpg 1 0 0 36 36
p/2248.jpg 1 0 0 37 37
p/2247.jpg 1 0 0 36 36
p/2246.jpg 1 0 0 36 36
p/2245.jpg 1 0 0 35 35
p/2244.jpg 1 0 0 56 56
p/2243.jpg 1 0 0 33 33
p/2242.jpg 1 0 0 35 35
p/2241.jpg 1 0 0 34 34
p/2240.jpg 1 0 0 35 35
p/2239.jpg 1 0 0 35 35
p/2238.jpg 1 0 0 40 40
p/2237.jpg 1 0 0 39 39
p/2236.jpg 1 0 0 44 44
p/2235.jpg 1 0 0 42 42
p/2234.jpg 1 0 0 47 47
p/2233.jpg 1 0 0 51 51
p/2232.jpg 1 0 0 52 52
p/2231.jpg 1 0 0 55 55
p/2230.jpg 1 0 0 33 33
p/2229.jpg 1 0 0 57 57
p/2228.jpg 1 0 0 33 33
p/2227.jpg 1 0 0 59 59
p/2226.jpg 1 0 0 56 56
p/2225.jpg 1 0 0 54 54
p/2224.jpg 1 0 0 58 58
p/2223.jpg 1 0 0 33 33
p/2222.jpg 1 0 0 56 56
p/2221.jpg 1 0 0 59 59
p/2220.jpg 1 0 0 33 33
p/2219.jpg 1 0 0 33 33
p/2218.jpg 1 0 0 34 34
p/2217.jpg 1 0 0 33 33
p/2216.jpg 1 0 0 34 34
p/2215.jpg 1 0 0 33 33
p/2214.jpg 1 0 0 33 33
p/2213.jpg 1 0 0 37 37
p/2211.jpg 1 0 0 35 35
p/2212.jpg 1 0 0 35 35
p/2210.jpg 1 0 0 37 37
p/2209.jpg 1 0 0 38 38
p/2208.jpg 1 0 0 37 37
p/2206.jpg 1 0 0 37 37
p/2207.jpg 1 0 0 37 37
p/2205.jpg 1 0 0 37 37
p/2204.jpg 1 0 0 37 37
p/2203.jpg 1 0 0 40 40
p/2202.jpg 1 0 0 37 37
p/2201.jpg 1 0 0 40 40
p/2200.jpg 1 0 0 39 39
p/2199.jpg 1 0 0 39 39
p/2198.jpg 1 0 0 37 37
p/2197.jpg 1 0 0 37 37
p/2196.jpg 1 0 0 47 47
p/2195.jpg 1 0 0 39 39
p/2194.jpg 1 0 0 40 40
p/2193.jpg 1 0 0 50 50
p/2192.jpg 1 0 0 50 50
p/2191.jpg 1 0 0 39 39
p/2190.jpg 1 0 0 45 45
p/2189.jpg 1 0 0 46 46
p/2188.jpg 1 0 0 46 46
p/2187.jpg 1 0 0 41 41
p/2186.jpg 1 0 0 48 48
p/2185.jpg 1 0 0 43 43
p/2184.jpg 1 0 0 50 50
p/2183.jpg 1 0 0 44 44
p/2182.jpg 1 0 0 45 45
p/2181.jpg 1 0 0 48 48
p/2180.jpg 1 0 0 49 49
p/2179.jpg 1 0 0 50 50
p/2178.jpg 1 0 0 50 50
p/2177.jpg 1 0 0 51 51
p/2176.jpg 1 0 0 56 56
p/2175.jpg 1 0 0 60 60
p/2174.jpg 1 0 0 59 59
p/2173.jpg 1 0 0 57 57
p/2172.jpg 1 0 0 60 60
p/2171.jpg 1 0 0 64 64
p/2170.jpg 1 0 0 60 60
p/2169.jpg 1 0 0 60 60
p/2168.jpg 1 0 0 65 65
p/2167.jpg 1 0 0 58 58
p/2166.jpg 1 0 0 46 46
p/2165.jpg 1 0 0 71 71
p/2164.jpg 1 0 0 58 58
p/2163.jpg 1 0 0 57 57
p/2162.jpg 1 0 0 73 73
p/2161.jpg 1 0 0 75 75
p/2160.jpg 1 0 0 78 78
p/2159.jpg 1 0 0 78 78
p/2158.jpg 1 0 0 82 82
p/2157.jpg 1 0 0 67 67
p/2156.jpg 1 0 0 81 81
p/2155.jpg 1 0 0 87 87
p/2154.jpg 1 0 0 65 65
p/2153.jpg 1 0 0 88 88
p/2152.jpg 1 0 0 64 64
p/2150.jpg 1 0 0 64 64
p/2151.jpg 1 0 0 71 71
p/2149.jpg 1 0 0 54 54
p/2148.jpg 1 0 0 73 73
p/2147.jpg 1 0 0 60 60
p/2146.jpg 1 0 0 57 57
p/2098.jpg 1 0 0 39 39
p/2097.jpg 1 0 0 40 40
p/2090.jpg 1 0 0 48 48
p/2088.jpg 1 0 0 48 48
p/2086.jpg 1 0 0 51 51
p/2080.jpg 1 0 0 54 54
p/2078.jpg 1 0 0 55 55
p/2076.jpg 1 0 0 53 53
p/2075.jpg 1 0 0 59 59
p/2071.jpg 1 0 0 59 59
p/2069.jpg 1 0 0 61 61
p/2053.jpg 1 0 0 61 61
p/2037.jpg 1 0 0 71 71
p/2036.jpg 1 0 0 72 72
p/2035.jpg 1 0 0 34 34
p/2034.jpg 1 0 0 66 66
p/2033.jpg 1 0 0 35 35
p/2032.jpg 1 0 0 76 76
p/2031.jpg 1 0 0 34 34
p/2030.jpg 1 0 0 74 74
p/2026.jpg 1 0 0 78 78
p/2023.jpg 1 0 0 99 99
p/2022.jpg 1 0 0 77 77
p/2021.jpg 1 0 0 35 35
p/2020.jpg 1 0 0 100 100
p/2019.jpg 1 0 0 83 83
p/2018.jpg 1 0 0 98 98
p/2017.jpg 1 0 0 85 85
p/2013.jpg 1 0 0 94 94
p/2012.jpg 1 0 0 91 91
p/2011.jpg 1 0 0 34 34
p/2010.jpg 1 0 0 93 93
p/2009.jpg 1 0 0 36 36
p/2008.jpg 1 0 0 93 93
p/2007.jpg 1 0 0 34 34
p/2006.jpg 1 0 0 79 79
p/2003.jpg 1 0 0 91 91
p/2002.jpg 1 0 0 35 35
p/2001.jpg 1 0 0 103 103
p/2000.jpg 1 0 0 67 67
p/1999.jpg 1 0 0 87 87
p/1998.jpg 1 0 0 106 106
p/1997.jpg 1 0 0 108 108
p/1996.jpg 1 0 0 34 34
p/1993.jpg 1 0 0 114 114
p/1992.jpg 1 0 0 39 39
p/1991.jpg 1 0 0 34 34
p/1990.jpg 1 0 0 121 121
p/1989.jpg 1 0 0 41 41
p/1988.jpg 1 0 0 121 121
p/1987.jpg 1 0 0 47 47
p/1986.jpg 1 0 0 126 126
p/1983.jpg 1 0 0 49 49
p/1982.jpg 1 0 0 74 74
p/1981.jpg 1 0 0 38 38
p/1980.jpg 1 0 0 35 35
p/1979.jpg 1 0 0 37 37
p/1978.jpg 1 0 0 34 34
p/1977.jpg 1 0 0 39 39
p/1976.jpg 1 0 0 37 37
p/1973.jpg 1 0 0 43 43
p/1972.jpg 1 0 0 33 33
p/1971.jpg 1 0 0 42 42
p/1970.jpg 1 0 0 42 42
p/1969.jpg 1 0 0 45 45
p/1968.jpg 1 0 0 42 42
p/1967.jpg 1 0 0 44 44
p/1966.jpg 1 0 0 42 42
p/1963.jpg 1 0 0 36 36
p/1962.jpg 1 0 0 35 35
p/1961.jpg 1 0 0 37 37
p/1960.jpg 1 0 0 35 35
p/1959.jpg 1 0 0 37 37
p/1958.jpg 1 0 0 35 35
p/1957.jpg 1 0 0 34 34
p/1956.jpg 1 0 0 32 32
p/1949.jpg 1 0 0 37 37
p/1948.jpg 1 0 0 37 37
p/1946.jpg 1 0 0 40 40
p/1945.jpg 1 0 0 40 40
p/1944.jpg 1 0 0 43 43
p/1942.jpg 1 0 0 41 41
p/1940.jpg 1 0 0 42 42
p/1939.jpg 1 0 0 42 42
p/1936.jpg 1 0 0 44 44
p/1934.jpg 1 0 0 48 48
p/1932.jpg 1 0 0 46 46
p/1930.jpg 1 0 0 47 47
p/1928.jpg 1 0 0 49 49
p/1926.jpg 1 0 0 52 52
p/1924.jpg 1 0 0 47 47
p/1923.jpg 1 0 0 51 51
p/1918.jpg 1 0 0 54 54
p/1916.jpg 1 0 0 55 55
p/1915.jpg 1 0 0 54 54
p/1914.jpg 1 0 0 52 52
p/1912.jpg 1 0 0 59 59
p/1911.jpg 1 0 0 51 51
p/1910.jpg 1 0 0 51 51
p/1909.jpg 1 0 0 54 54
p/1906.jpg 1 0 0 41 41
p/1905.jpg 1 0 0 56 56
p/1904.jpg 1 0 0 61 61
p/1903.jpg 1 0 0 47 47
p/1902.jpg 1 0 0 61 61
p/1901.jpg 1 0 0 47 47
p/1900.jpg 1 0 0 61 61
p/1899.jpg 1 0 0 49 49
p/1895.jpg 1 0 0 80 80
p/1894.jpg 1 0 0 62 62
p/1893.jpg 1 0 0 42 42
p/1891.jpg 1 0 0 62 62
p/1892.jpg 1 0 0 67 67
p/1890.jpg 1 0 0 36 36
p/1889.jpg 1 0 0 37 37
p/1888.jpg 1 0 0 70 70
p/1885.jpg 1 0 0 35 35
p/1884.jpg 1 0 0 67 67
p/1883.jpg 1 0 0 66 66
p/1882.jpg 1 0 0 36 36
p/1881.jpg 1 0 0 38 38
p/1880.jpg 1 0 0 71 71
p/1879.jpg 1 0 0 66 66
p/1878.jpg 1 0 0 37 37
p/1875.jpg 1 0 0 38 38
p/1874.jpg 1 0 0 77 77
p/1873.jpg 1 0 0 37 37
p/1872.jpg 1 0 0 41 41
p/1871.jpg 1 0 0 39 39
p/1870.jpg 1 0 0 36 36
p/1869.jpg 1 0 0 40 40
p/1868.jpg 1 0 0 65 65
p/1865.jpg 1 0 0 55 55
p/1864.jpg 1 0 0 66 66
p/1863.jpg 1 0 0 36 36
p/1862.jpg 1 0 0 44 44
p/1861.jpg 1 0 0 59 59
p/1860.jpg 1 0 0 42 42
p/1859.jpg 1 0 0 40 40
p/1858.jpg 1 0 0 77 77
p/1855.jpg 1 0 0 39 39
p/1854.jpg 1 0 0 82 82
p/1853.jpg 1 0 0 50 50
p/1852.jpg 1 0 0 42 42
p/1851.jpg 1 0 0 39 39
p/1850.jpg 1 0 0 85 85
p/1849.jpg 1 0 0 45 45
p/1848.jpg 1 0 0 44 44
p/1845.jpg 1 0 0 82 82
p/1844.jpg 1 0 0 41 41
p/1843.jpg 1 0 0 44 44
p/1841.jpg 1 0 0 48 48
p/1842.jpg 1 0 0 40 40
p/1839.jpg 1 0 0 41 41
p/1840.jpg 1 0 0 49 49
p/1838.jpg 1 0 0 52 52
p/1835.jpg 1 0 0 42 42
p/1834.jpg 1 0 0 49 49
p/1833.jpg 1 0 0 39 39
p/1832.jpg 1 0 0 52 52
p/1831.jpg 1 0 0 38 38
p/1830.jpg 1 0 0 49 49
p/1829.jpg 1 0 0 38 38
p/1828.jpg 1 0 0 51 51
p/1825.jpg 1 0 0 37 37
p/1824.jpg 1 0 0 49 49
p/1823.jpg 1 0 0 38 38
p/1822.jpg 1 0 0 75 75
p/1821.jpg 1 0 0 52 52
p/1820.jpg 1 0 0 38 38
p/1818.jpg 1 0 0 69 69
p/1817.jpg 1 0 0 54 54
p/1814.jpg 1 0 0 55 55
p/1813.jpg 1 0 0 38 38
p/1812.jpg 1 0 0 72 72
p/1811.jpg 1 0 0 62 62
p/1810.jpg 1 0 0 67 67
p/1809.jpg 1 0 0 38 38
p/1808.jpg 1 0 0 66 66
p/1807.jpg 1 0 0 61 61
p/1804.jpg 1 0 0 62 62
p/1803.jpg 1 0 0 38 38
p/1802.jpg 1 0 0 66 66
p/1801.jpg 1 0 0 57 57
p/1800.jpg 1 0 0 36 36
p/1799.jpg 1 0 0 67 67
p/1798.jpg 1 0 0 55 55
p/1797.jpg 1 0 0 62 62
p/1794.jpg 1 0 0 55 55
p/1793.jpg 1 0 0 55 55
p/1792.jpg 1 0 0 69 69
p/1791.jpg 1 0 0 60 60
p/1790.jpg 1 0 0 70 70
p/1789.jpg 1 0 0 55 55
p/1788.jpg 1 0 0 66 66
p/1787.jpg 1 0 0 49 49
p/1784.jpg 1 0 0 47 47
p/1783.jpg 1 0 0 48 48
p/1782.jpg 1 0 0 44 44
p/1781.jpg 1 0 0 44 44
p/1780.jpg 1 0 0 42 42
p/1779.jpg 1 0 0 42 42
p/1778.jpg 1 0 0 42 42
p/1777.jpg 1 0 0 41 41
p/1774.jpg 1 0 0 40 40
p/1773.jpg 1 0 0 35 35
p/1772.jpg 1 0 0 39 39
p/1771.jpg 1 0 0 35 35
p/1770.jpg 1 0 0 39 39
p/1767.jpg 1 0 0 39 39
p/1766.jpg 1 0 0 39 39
p/1764.jpg 1 0 0 39 39
p/1761.jpg 1 0 0 41 41
p/1760.jpg 1 0 0 39 39
p/1759.jpg 1 0 0 39 39
p/1758.jpg 1 0 0 37 37
p/1757.jpg 1 0 0 36 36
p/1756.jpg 1 0 0 71 71
p/1755.jpg 1 0 0 58 58
p/1753.jpg 1 0 0 32 32
p/1750.jpg 1 0 0 36 36
p/1749.jpg 1 0 0 38 38
p/1748.jpg 1 0 0 37 37
p/1747.jpg 1 0 0 37 37
p/1746.jpg 1 0 0 38 38
p/1745.jpg 1 0 0 38 38
p/1744.jpg 1 0 0 40 40
p/1743.jpg 1 0 0 40 40
p/1740.jpg 1 0 0 48 48
p/1739.jpg 1 0 0 49 49
p/1738.jpg 1 0 0 51 51
p/1737.jpg 1 0 0 53 53
p/1736.jpg 1 0 0 55 55
p/1735.jpg 1 0 0 52 52
p/1734.jpg 1 0 0 38 38
p/1733.jpg 1 0 0 54 54
p/1729.jpg 1 0 0 60 60
p/1728.jpg 1 0 0 37 37
p/1726.jpg 1 0 0 38 38
p/1725.jpg 1 0 0 83 83
p/1723.jpg 1 0 0 39 39
p/1722.jpg 1 0 0 33 33
p/1721.jpg 1 0 0 87 87
p/1720.jpg 1 0 0 38 38
p/1715.jpg 1 0 0 37 37
p/1714.jpg 1 0 0 94 94
p/1713.jpg 1 0 0 37 37
p/1711.jpg 1 0 0 37 37
p/1708.jpg 1 0 0 67 67
p/1707.jpg 1 0 0 37 37
p/1706.jpg 1 0 0 35 35
p/1704.jpg 1 0 0 66 66
p/1700.jpg 1 0 0 57 57
p/1699.jpg 1 0 0 36 36
p/1698.jpg 1 0 0 35 35
p/1697.jpg 1 0 0 36 36
p/1696.jpg 1 0 0 47 47
p/1695.jpg 1 0 0 36 36
p/1694.jpg 1 0 0 42 42
p/1693.jpg 1 0 0 47 47
p/1690.jpg 1 0 0 43 43
p/1689.jpg 1 0 0 34 34
p/1688.jpg 1 0 0 56 56
p/1687.jpg 1 0 0 45 45
p/1686.jpg 1 0 0 34 34
p/1685.jpg 1 0 0 58 58
p/1684.jpg 1 0 0 52 52
p/1683.jpg 1 0 0 33 33
p/1680.jpg 1 0 0 56 56
p/1679.jpg 1 0 0 36 36
p/1678.jpg 1 0 0 62 62
p/1677.jpg 1 0 0 48 48
p/1676.jpg 1 0 0 34 34
p/1675.jpg 1 0 0 59 59
p/1674.jpg 1 0 0 34 34
p/1673.jpg 1 0 0 57 57
p/1670.jpg 1 0 0 34 34
p/1669.jpg 1 0 0 62 62
p/1668.jpg 1 0 0 52 52
p/1667.jpg 1 0 0 61 61
p/1666.jpg 1 0 0 49 49
p/1665.jpg 1 0 0 58 58
p/1664.jpg 1 0 0 80 80
p/1663.jpg 1 0 0 59 59
p/1659.jpg 1 0 0 65 65
p/1658.jpg 1 0 0 63 63
p/1657.jpg 1 0 0 64 64
p/1656.jpg 1 0 0 61 61
p/1655.jpg 1 0 0 59 59
p/1654.jpg 1 0 0 34 34
p/1653.jpg 1 0 0 67 67
p/1652.jpg 1 0 0 34 34
p/1649.jpg 1 0 0 67 67
p/1648.jpg 1 0 0 66 66
p/1647.jpg 1 0 0 69 69
p/1646.jpg 1 0 0 74 74
p/1645.jpg 1 0 0 68 68
p/1643.jpg 1 0 0 74 74
p/1642.jpg 1 0 0 67 67
p/1641.jpg 1 0 0 69 69
p/1638.jpg 1 0 0 74 74
p/1637.jpg 1 0 0 73 73
p/1636.jpg 1 0 0 81 81
p/1635.jpg 1 0 0 43 43
p/1634.jpg 1 0 0 82 82
p/1633.jpg 1 0 0 71 71
p/1632.jpg 1 0 0 82 82
p/1631.jpg 1 0 0 82 82
p/1628.jpg 1 0 0 93 93
p/1627.jpg 1 0 0 37 37
p/1626.jpg 1 0 0 37 37
p/1625.jpg 1 0 0 36 36
p/1624.jpg 1 0 0 56 56
p/1623.jpg 1 0 0 55 55
p/1622.jpg 1 0 0 50 50
p/1621.jpg 1 0 0 47 47
p/1618.jpg 1 0 0 46 46
p/1616.jpg 1 0 0 44 44
p/1617.jpg 1 0 0 47 47
p/1615.jpg 1 0 0 44 44
p/1614.jpg 1 0 0 46 46
p/1613.jpg 1 0 0 42 42
p/1612.jpg 1 0 0 42 42
p/1611.jpg 1 0 0 41 41
p/1608.jpg 1 0 0 42 42
p/1607.jpg 1 0 0 40 40
p/1606.jpg 1 0 0 40 40
p/1605.jpg 1 0 0 39 39
p/1604.jpg 1 0 0 41 41
p/1603.jpg 1 0 0 38 38
p/1602.jpg 1 0 0 40 40
p/1601.jpg 1 0 0 38 38
p/1597.jpg 1 0 0 40 40
p/1598.jpg 1 0 0 39 39
p/1596.jpg 1 0 0 39 39
p/1595.jpg 1 0 0 39 39
p/1594.jpg 1 0 0 38 38
p/1593.jpg 1 0 0 39 39
p/1591.jpg 1 0 0 38 38
p/1588.jpg 1 0 0 40 40
p/1587.jpg 1 0 0 37 37
p/1586.jpg 1 0 0 41 41
p/1583.jpg 1 0 0 37 37
p/1578.jpg 1 0 0 34 34
p/1577.jpg 1 0 0 36 36
p/1576.jpg 1 0 0 33 33
p/1575.jpg 1 0 0 35 35
p/1574.jpg 1 0 0 36 36
p/1571.jpg 1 0 0 35 35
p/1566.jpg 1 0 0 36 36
p/1565.jpg 1 0 0 39 39
p/1564.jpg 1 0 0 33 33
p/1562.jpg 1 0 0 38 38
p/1561.jpg 1 0 0 37 37
p/1558.jpg 1 0 0 36 36
p/1557.jpg 1 0 0 36 36
p/1556.jpg 1 0 0 38 38
p/1554.jpg 1 0 0 73 73
p/1553.jpg 1 0 0 75 75
p/1551.jpg 1 0 0 70 70
p/1548.jpg 1 0 0 65 65
p/1547.jpg 1 0 0 63 63
p/1546.jpg 1 0 0 54 54
p/1545.jpg 1 0 0 50 50
p/1544.jpg 1 0 0 49 49
p/1543.jpg 1 0 0 49 49
p/1542.jpg 1 0 0 50 50
p/1541.jpg 1 0 0 52 52
p/1538.jpg 1 0 0 46 46
p/1537.jpg 1 0 0 45 45
p/1536.jpg 1 0 0 40 40
p/1535.jpg 1 0 0 40 40
p/1534.jpg 1 0 0 36 36
p/1532.jpg 1 0 0 37 37
p/1531.jpg 1 0 0 36 36
p/1528.jpg 1 0 0 35 35
p/1527.jpg 1 0 0 38 38
p/1526.jpg 1 0 0 35 35
p/1525.jpg 1 0 0 39 39
p/1523.jpg 1 0 0 38 38
p/1521.jpg 1 0 0 36 36
p/1518.jpg 1 0 0 36 36
p/1517.jpg 1 0 0 39 39
p/1493.jpg 1 0 0 67 67
p/1492.jpg 1 0 0 62 62
p/1483.jpg 1 0 0 60 60
p/1482.jpg 1 0 0 42 42
p/1481.jpg 1 0 0 38 38
p/1479.jpg 1 0 0 43 43
p/1477.jpg 1 0 0 42 42
p/1472.jpg 1 0 0 37 37
p/1471.jpg 1 0 0 36 36
p/1470.jpg 1 0 0 36 36
p/1469.jpg 1 0 0 38 38
p/1468.jpg 1 0 0 38 38
p/1467.jpg 1 0 0 37 37
p/1465.jpg 1 0 0 38 38
p/1462.jpg 1 0 0 41 41
p/1461.jpg 1 0 0 41 41
p/1460.jpg 1 0 0 37 37
p/1459.jpg 1 0 0 39 39
p/1458.jpg 1 0 0 38 38
p/1457.jpg 1 0 0 38 38
p/1456.jpg 1 0 0 38 38
p/1455.jpg 1 0 0 37 37
p/1452.jpg 1 0 0 37 37
p/1451.jpg 1 0 0 44 44
p/1450.jpg 1 0 0 43 43
p/1449.jpg 1 0 0 37 37
p/1448.jpg 1 0 0 74 74
p/1447.jpg 1 0 0 41 41
p/1446.jpg 1 0 0 68 68
p/1445.jpg 1 0 0 70 70
p/1442.jpg 1 0 0 68 68
p/1441.jpg 1 0 0 39 39
p/1440.jpg 1 0 0 73 73
p/1439.jpg 1 0 0 47 47
p/1438.jpg 1 0 0 84 84
p/1437.jpg 1 0 0 67 67
p/1436.jpg 1 0 0 66 66
p/1435.jpg 1 0 0 33 33
p/1431.jpg 1 0 0 52 52
p/1430.jpg 1 0 0 53 53
p/1429.jpg 1 0 0 55 55
p/1428.jpg 1 0 0 36 36
p/1426.jpg 1 0 0 47 47
p/1425.jpg 1 0 0 36 36
p/1423.jpg 1 0 0 42 42
p/1420.jpg 1 0 0 42 42
p/1419.jpg 1 0 0 43 43
p/1418.jpg 1 0 0 39 39
p/1417.jpg 1 0 0 40 40
p/1416.jpg 1 0 0 40 40
p/1415.jpg 1 0 0 39 39
p/1414.jpg 1 0 0 40 40
p/1410.jpg 1 0 0 37 37
p/1409.jpg 1 0 0 37 37
p/1408.jpg 1 0 0 42 42
p/1406.jpg 1 0 0 32 32
p/1407.jpg 1 0 0 36 36
p/1405.jpg 1 0 0 37 37
p/1404.jpg 1 0 0 40 40
p/1399.jpg 1 0 0 45 45
p/1398.jpg 1 0 0 35 35
p/1397.jpg 1 0 0 34 34
p/1396.jpg 1 0 0 43 43
p/1395.jpg 1 0 0 47 47
p/1394.jpg 1 0 0 33 33
p/1393.jpg 1 0 0 34 34
p/1390.jpg 1 0 0 48 48
p/1388.jpg 1 0 0 45 45
p/1387.jpg 1 0 0 48 48
p/1386.jpg 1 0 0 45 45
p/1384.jpg 1 0 0 47 47
p/1380.jpg 1 0 0 49 49
p/1377.jpg 1 0 0 48 48
p/1378.jpg 1 0 0 40 40
p/1376.jpg 1 0 0 41 41
p/1375.jpg 1 0 0 47 47
p/1374.jpg 1 0 0 47 47
p/1373.jpg 1 0 0 37 37
p/1370.jpg 1 0 0 44 44
p/1368.jpg 1 0 0 38 38
p/1366.jpg 1 0 0 42 42
p/1365.jpg 1 0 0 38 38
p/1360.jpg 1 0 0 39 39
p/1359.jpg 1 0 0 37 37
p/1358.jpg 1 0 0 40 40
p/1357.jpg 1 0 0 43 43
p/1356.jpg 1 0 0 43 43
p/1355.jpg 1 0 0 38 38
p/1354.jpg 1 0 0 37 37
p/1353.jpg 1 0 0 43 43
p/1349.jpg 1 0 0 41 41
p/1348.jpg 1 0 0 42 42
p/1347.jpg 1 0 0 32 32
p/1346.jpg 1 0 0 40 40
p/1345.jpg 1 0 0 34 34
p/1344.jpg 1 0 0 44 44
p/1340.jpg 1 0 0 44 44
p/1339.jpg 1 0 0 40 40
p/1338.jpg 1 0 0 39 39
p/1337.jpg 1 0 0 43 43
p/1336.jpg 1 0 0 38 38
p/1335.jpg 1 0 0 39 39
p/1334.jpg 1 0 0 41 41
p/1333.jpg 1 0 0 40 40
p/1330.jpg 1 0 0 39 39
p/1329.jpg 1 0 0 38 38
p/1328.jpg 1 0 0 38 38
p/1327.jpg 1 0 0 40 40
p/1326.jpg 1 0 0 39 39
p/1324.jpg 1 0 0 37 37
p/1302.jpg 1 0 0 35 35
p/1297.jpg 1 0 0 34 34
p/1295.jpg 1 0 0 34 34
p/1293.jpg 1 0 0 36 36
p/1291.jpg 1 0 0 35 35
p/1290.jpg 1 0 0 34 34
p/1284.jpg 1 0 0 34 34
p/1281.jpg 1 0 0 34 34
p/1279.jpg 1 0 0 33 33
p/1277.jpg 1 0 0 34 34
p/1273.jpg 1 0 0 49 49
p/1271.jpg 1 0 0 49 49
p/1270.jpg 1 0 0 44 44
p/1269.jpg 1 0 0 38 38
p/1268.jpg 1 0 0 37 37
p/1267.jpg 1 0 0 35 35
p/1266.jpg 1 0 0 35 35
p/1264.jpg 1 0 0 35 35
p/1263.jpg 1 0 0 36 36
p/1262.jpg 1 0 0 57 57
p/1261.jpg 1 0 0 36 36
p/1260.jpg 1 0 0 40 40
p/1259.jpg 1 0 0 38 38
p/1258.jpg 1 0 0 38 38
p/1257.jpg 1 0 0 35 35
p/1256.jpg 1 0 0 36 36
p/1254.jpg 1 0 0 36 36
p/1253.jpg 1 0 0 36 36
p/1252.jpg 1 0 0 34 34
p/1248.jpg 1 0 0 37 37
p/1245.jpg 1 0 0 38 38
p/1244.jpg 1 0 0 43 43
p/1243.jpg 1 0 0 42 42
p/1242.jpg 1 0 0 43 43
p/1241.jpg 1 0 0 42 42
p/1239.jpg 1 0 0 44 44
p/1240.jpg 1 0 0 44 44
p/1238.jpg 1 0 0 42 42
p/1237.jpg 1 0 0 45 45
p/1236.jpg 1 0 0 48 48
p/1235.jpg 1 0 0 47 47
p/1234.jpg 1 0 0 44 44
p/1233.jpg 1 0 0 36 36
p/1232.jpg 1 0 0 36 36
p/1231.jpg 1 0 0 36 36
p/1230.jpg 1 0 0 36 36
p/1229.jpg 1 0 0 35 35
p/1227.jpg 1 0 0 39 39
p/1226.jpg 1 0 0 37 37
p/1225.jpg 1 0 0 37 37
p/1224.jpg 1 0 0 38 38
p/1222.jpg 1 0 0 36 36
p/1221.jpg 1 0 0 36 36
p/1220.jpg 1 0 0 37 37
p/1219.jpg 1 0 0 35 35
p/1218.jpg 1 0 0 36 36
p/1217.jpg 1 0 0 36 36
p/1216.jpg 1 0 0 38 38
p/1215.jpg 1 0 0 37 37
p/1211.jpg 1 0 0 35 35
p/1210.jpg 1 0 0 36 36
p/1209.jpg 1 0 0 37 37
p/1208.jpg 1 0 0 37 37
p/1207.jpg 1 0 0 37 37
p/1206.jpg 1 0 0 41 41
p/1205.jpg 1 0 0 44 44
p/1204.jpg 1 0 0 44 44
p/1203.jpg 1 0 0 47 47
p/1201.jpg 1 0 0 36 36
p/1200.jpg 1 0 0 36 36
p/1199.jpg 1 0 0 37 37
p/1198.jpg 1 0 0 37 37
p/1197.jpg 1 0 0 37 37
p/1196.jpg 1 0 0 41 41
p/1195.jpg 1 0 0 45 45
p/1194.jpg 1 0 0 39 39
p/1193.jpg 1 0 0 41 41
p/1191.jpg 1 0 0 34 34
p/1190.jpg 1 0 0 40 40
p/1189.jpg 1 0 0 45 45
p/1188.jpg 1 0 0 39 39
p/1186.jpg 1 0 0 37 37
p/1187.jpg 1 0 0 47 47
p/1185.jpg 1 0 0 39 39
p/1184.jpg 1 0 0 39 39
p/1183.jpg 1 0 0 36 36
p/1181.jpg 1 0 0 37 37
p/1180.jpg 1 0 0 37 37
p/1179.jpg 1 0 0 37 37
p/1178.jpg 1 0 0 50 50
p/1177.jpg 1 0 0 38 38
p/1176.jpg 1 0 0 38 38
p/1175.jpg 1 0 0 34 34
p/1174.jpg 1 0 0 35 35
p/1173.jpg 1 0 0 34 34
p/1171.jpg 1 0 0 38 38
p/1170.jpg 1 0 0 36 36
p/1169.jpg 1 0 0 37 37
p/1168.jpg 1 0 0 41 41
p/1167.jpg 1 0 0 35 35
p/1166.jpg 1 0 0 32 32
p/1164.jpg 1 0 0 48 48
p/1162.jpg 1 0 0 40 40
p/1157.jpg 1 0 0 46 46
p/1148.jpg 1 0 0 40 40
p/1143.jpg 1 0 0 41 41
p/1140.jpg 1 0 0 39 39
p/1137.jpg 1 0 0 39 39
p/1135.jpg 1 0 0 40 40
p/1134.jpg 1 0 0 38 38
p/1133.jpg 1 0 0 39 39
p/1132.jpg 1 0 0 40 40
p/1131.jpg 1 0 0 37 37
p/1116.jpg 1 0 0 36 36
p/1115.jpg 1 0 0 64 64
p/1114.jpg 1 0 0 35 35
p/1113.jpg 1 0 0 62 62
p/1112.jpg 1 0 0 35 35
p/1111.jpg 1 0 0 60 60
p/1110.jpg 1 0 0 34 34
p/1109.jpg 1 0 0 59 59
p/1108.jpg 1 0 0 36 36
p/1107.jpg 1 0 0 57 57
p/1106.jpg 1 0 0 55 55
p/1105.jpg 1 0 0 35 35
p/1104.jpg 1 0 0 54 54
p/1103.jpg 1 0 0 39 39
p/1102.jpg 1 0 0 54 54
p/1101.jpg 1 0 0 37 37
p/1100.jpg 1 0 0 52 52
p/1099.jpg 1 0 0 40 40
p/1097.jpg 1 0 0 42 42
p/1098.jpg 1 0 0 48 48
p/1096.jpg 1 0 0 42 42
p/1095.jpg 1 0 0 48 48
p/1094.jpg 1 0 0 44 44
p/1093.jpg 1 0 0 45 45
p/1092.jpg 1 0 0 44 44
p/1091.jpg 1 0 0 42 42
p/1090.jpg 1 0 0 40 40
p/1089.jpg 1 0 0 40 40
p/1088.jpg 1 0 0 39 39
p/1087.jpg 1 0 0 39 39
p/1086.jpg 1 0 0 38 38
p/1083.jpg 1 0 0 36 36
p/1082.jpg 1 0 0 37 37
p/1078.jpg 1 0 0 35 35
p/1076.jpg 1 0 0 36 36
p/1075.jpg 1 0 0 76 76
p/1073.jpg 1 0 0 75 75
p/1072.jpg 1 0 0 33 33
p/1071.jpg 1 0 0 36 36
p/1069.jpg 1 0 0 69 69
p/1067.jpg 1 0 0 56 56
p/1063.jpg 1 0 0 50 50
p/1062.jpg 1 0 0 47 47
p/1061.jpg 1 0 0 47 47
p/1060.jpg 1 0 0 46 46
p/1059.jpg 1 0 0 36 36
p/1058.jpg 1 0 0 42 42
p/1057.jpg 1 0 0 41 41
p/1055.jpg 1 0 0 41 41
p/1054.jpg 1 0 0 39 39
p/1053.jpg 1 0 0 38 38
p/1052.jpg 1 0 0 41 41
p/1051.jpg 1 0 0 36 36
p/1050.jpg 1 0 0 38 38
p/1049.jpg 1 0 0 37 37
p/1048.jpg 1 0 0 35 35
p/1047.jpg 1 0 0 36 36
p/1046.jpg 1 0 0 36 36
p/1045.jpg 1 0 0 35 35
p/1044.jpg 1 0 0 38 38
p/1042.jpg 1 0 0 35 35
p/1043.jpg 1 0 0 41 41
p/1040.jpg 1 0 0 36 36
p/1041.jpg 1 0 0 38 38
p/1039.jpg 1 0 0 36 36
p/1038.jpg 1 0 0 35 35
p/1036.jpg 1 0 0 36 36
p/1033.jpg 1 0 0 35 35
p/1032.jpg 1 0 0 40 40
p/1031.jpg 1 0 0 40 40
p/1030.jpg 1 0 0 39 39
p/1029.jpg 1 0 0 38 38
p/1027.jpg 1 0 0 40 40
p/1028.jpg 1 0 0 38 38
p/1026.jpg 1 0 0 33 33
p/1025.jpg 1 0 0 40 40
p/1024.jpg 1 0 0 37 37
p/1021.jpg 1 0 0 43 43
p/1018.jpg 1 0 0 36 36
p/1016.jpg 1 0 0 38 38
p/1013.jpg 1 0 0 44 44
p/1009.jpg 1 0 0 39 39
p/1008.jpg 1 0 0 48 48
p/1007.jpg 1 0 0 36 36
p/1006.jpg 1 0 0 35 35
p/1004.jpg 1 0 0 50 50
p/1003.jpg 1 0 0 57 57
p/1001.jpg 1 0 0 46 46
p/999.jpg 1 0 0 49 49
p/997.jpg 1 0 0 50 50
p/996.jpg 1 0 0 42 42
p/993.jpg 1 0 0 55 55
p/988.jpg 1 0 0 44 44
p/987.jpg 1 0 0 45 45
p/981.jpg 1 0 0 50 50
p/980.jpg 1 0 0 57 57
p/975.jpg 1 0 0 57 57
p/974.jpg 1 0 0 55 55
p/973.jpg 1 0 0 54 54
p/972.jpg 1 0 0 56 56
p/967.jpg 1 0 0 50 50
p/965.jpg 1 0 0 49 49
p/959.jpg 1 0 0 43 43
p/957.jpg 1 0 0 43 43
p/955.jpg 1 0 0 46 46
p/951.jpg 1 0 0 41 41
p/950.jpg 1 0 0 54 54
p/949.jpg 1 0 0 40 40
p/948.jpg 1 0 0 54 54
p/947.jpg 1 0 0 39 39
p/946.jpg 1 0 0 39 39
p/944.jpg 1 0 0 39 39
p/945.jpg 1 0 0 52 52
p/943.jpg 1 0 0 50 50
p/942.jpg 1 0 0 39 39
p/941.jpg 1 0 0 48 48
p/940.jpg 1 0 0 40 40
p/939.jpg 1 0 0 46 46
p/935.jpg 1 0 0 44 44
p/934.jpg 1 0 0 37 37
p/933.jpg 1 0 0 43 43
p/932.jpg 1 0 0 38 38
p/931.jpg 1 0 0 40 40
p/930.jpg 1 0 0 37 37
p/929.jpg 1 0 0 40 40
p/928.jpg 1 0 0 36 36
p/927.jpg 1 0 0 36 36
p/925.jpg 1 0 0 35 35
p/924.jpg 1 0 0 39 39
p/923.jpg 1 0 0 34 34
p/922.jpg 1 0 0 39 39
p/921.jpg 1 0 0 34 34
p/920.jpg 1 0 0 34 34
p/918.jpg 1 0 0 38 38
p/917.jpg 1 0 0 33 33
p/915.jpg 1 0 0 37 37
p/916.jpg 1 0 0 33 33
p/912.jpg 1 0 0 40 40
p/911.jpg 1 0 0 33 33
p/910.jpg 1 0 0 39 39
p/909.jpg 1 0 0 40 40
p/907.jpg 1 0 0 33 33
p/906.jpg 1 0 0 40 40
p/905.jpg 1 0 0 32 32
p/903.jpg 1 0 0 34 34
p/901.jpg 1 0 0 33 33
p/897.jpg 1 0 0 37 37
p/896.jpg 1 0 0 34 34
p/894.jpg 1 0 0 31 31
p/895.jpg 1 0 0 38 38
p/893.jpg 1 0 0 35 35
p/891.jpg 1 0 0 36 36
p/890.jpg 1 0 0 38 38
p/889.jpg 1 0 0 39 39
p/888.jpg 1 0 0 42 42
p/886.jpg 1 0 0 37 37
p/885.jpg 1 0 0 39 39
p/884.jpg 1 0 0 38 38
p/882.jpg 1 0 0 36 36
p/880.jpg 1 0 0 38 38
p/878.jpg 1 0 0 40 40
p/877.jpg 1 0 0 36 36
p/875.jpg 1 0 0 37 37
p/874.jpg 1 0 0 37 37
p/873.jpg 1 0 0 56 56
p/872.jpg 1 0 0 36 36
p/871.jpg 1 0 0 39 39
p/870.jpg 1 0 0 58 58
p/869.jpg 1 0 0 40 40
p/868.jpg 1 0 0 35 35
p/867.jpg 1 0 0 38 38
p/865.jpg 1 0 0 37 37
p/866.jpg 1 0 0 54 54
p/864.jpg 1 0 0 54 54
p/863.jpg 1 0 0 37 37
p/862.jpg 1 0 0 53 53
p/861.jpg 1 0 0 38 38
p/859.jpg 1 0 0 41 41
p/858.jpg 1 0 0 50 50
p/856.jpg 1 0 0 43 43
p/855.jpg 1 0 0 50 50
p/854.jpg 1 0 0 41 41
p/853.jpg 1 0 0 49 49
p/848.jpg 1 0 0 42 42
p/849.jpg 1 0 0 41 41
p/846.jpg 1 0 0 40 40
p/845.jpg 1 0 0 41 41
p/844.jpg 1 0 0 50 50
p/843.jpg 1 0 0 40 40
p/842.jpg 1 0 0 39 39
p/840.jpg 1 0 0 38 38
p/839.jpg 1 0 0 41 41
p/838.jpg 1 0 0 39 39
p/837.jpg 1 0 0 40 40
p/835.jpg 1 0 0 38 38
p/836.jpg 1 0 0 39 39
p/833.jpg 1 0 0 38 38
p/832.jpg 1 0 0 37 37
p/831.jpg 1 0 0 54 54
p/830.jpg 1 0 0 38 38
p/829.jpg 1 0 0 41 41
p/827.jpg 1 0 0 37 37
p/826.jpg 1 0 0 37 37
p/824.jpg 1 0 0 37 37
p/823.jpg 1 0 0 37 37
p/821.jpg 1 0 0 37 37
p/820.jpg 1 0 0 36 36
p/816.jpg 1 0 0 35 35
p/815.jpg 1 0 0 41 41
p/814.jpg 1 0 0 36 36
p/813.jpg 1 0 0 37 37
p/812.jpg 1 0 0 37 37
p/811.jpg 1 0 0 39 39
p/810.jpg 1 0 0 39 39
p/809.jpg 1 0 0 38 38
p/808.jpg 1 0 0 34 34
p/806.jpg 1 0 0 36 36
p/805.jpg 1 0 0 34 34
p/804.jpg 1 0 0 40 40
p/802.jpg 1 0 0 35 35
p/803.jpg 1 0 0 34 34
p/801.jpg 1 0 0 31 31
p/800.jpg 1 0 0 39 39
p/799.jpg 1 0 0 33 33
p/798.jpg 1 0 0 39 39
p/796.jpg 1 0 0 34 34
p/797.jpg 1 0 0 37 37
p/795.jpg 1 0 0 34 34
p/794.jpg 1 0 0 38 38
p/793.jpg 1 0 0 33 33
p/792.jpg 1 0 0 38 38
p/790.jpg 1 0 0 34 34
p/791.jpg 1 0 0 38 38
p/788.jpg 1 0 0 37 37
p/789.jpg 1 0 0 34 34
p/787.jpg 1 0 0 33 33
p/786.jpg 1 0 0 37 37
p/785.jpg 1 0 0 36 36
p/784.jpg 1 0 0 37 37
p/783.jpg 1 0 0 36 36
p/782.jpg 1 0 0 38 38
p/781.jpg 1 0 0 48 48
p/780.jpg 1 0 0 39 39
p/769.jpg 1 0 0 37 37
p/767.jpg 1 0 0 35 35
p/765.jpg 1 0 0 35 35
p/764.jpg 1 0 0 33 33
p/760.jpg 1 0 0 38 38
p/759.jpg 1 0 0 36 36
p/758.jpg 1 0 0 35 35
p/756.jpg 1 0 0 35 35
p/755.jpg 1 0 0 34 34
p/752.jpg 1 0 0 35 35
p/749.jpg 1 0 0 37 37
p/748.jpg 1 0 0 36 36
p/747.jpg 1 0 0 57 57
p/746.jpg 1 0 0 36 36
p/745.jpg 1 0 0 58 58
p/744.jpg 1 0 0 55 55
p/743.jpg 1 0 0 47 47
p/742.jpg 1 0 0 56 56
p/740.jpg 1 0 0 55 55
p/739.jpg 1 0 0 45 45
p/738.jpg 1 0 0 54 54
p/737.jpg 1 0 0 45 45
p/736.jpg 1 0 0 50 50
p/735.jpg 1 0 0 41 41
p/734.jpg 1 0 0 41 41
p/733.jpg 1 0 0 50 50
p/732.jpg 1 0 0 39 39
p/730.jpg 1 0 0 40 40
p/728.jpg 1 0 0 38 38
p/729.jpg 1 0 0 49 49
p/727.jpg 1 0 0 36 36
p/725.jpg 1 0 0 43 43
p/724.jpg 1 0 0 38 38
p/723.jpg 1 0 0 39 39
p/722.jpg 1 0 0 37 37
p/721.jpg 1 0 0 44 44
p/720.jpg 1 0 0 44 44
p/717.jpg 1 0 0 45 45
p/716.jpg 1 0 0 39 39
p/715.jpg 1 0 0 36 36
p/714.jpg 1 0 0 41 41
p/713.jpg 1 0 0 34 34
p/712.jpg 1 0 0 42 42
p/711.jpg 1 0 0 36 36
p/705.jpg 1 0 0 38 38
p/704.jpg 1 0 0 33 33
p/702.jpg 1 0 0 37 37
p/701.jpg 1 0 0 40 40
p/698.jpg 1 0 0 39 39
p/697.jpg 1 0 0 39 39
p/696.jpg 1 0 0 36 36
p/695.jpg 1 0 0 39 39
p/694.jpg 1 0 0 37 37
p/693.jpg 1 0 0 36 36
p/692.jpg 1 0 0 37 37
p/691.jpg 1 0 0 37 37
p/690.jpg 1 0 0 36 36
p/689.jpg 1 0 0 35 35
p/688.jpg 1 0 0 37 37
p/687.jpg 1 0 0 36 36
p/686.jpg 1 0 0 37 37
p/685.jpg 1 0 0 35 35
p/684.jpg 1 0 0 35 35
p/683.jpg 1 0 0 37 37
p/680.jpg 1 0 0 36 36
p/678.jpg 1 0 0 36 36
p/677.jpg 1 0 0 38 38
p/675.jpg 1 0 0 36 36
p/673.jpg 1 0 0 35 35
p/672.jpg 1 0 0 35 35
p/671.jpg 1 0 0 36 36
p/670.jpg 1 0 0 36 36
p/669.jpg 1 0 0 47 47
p/667.jpg 1 0 0 35 35
p/668.jpg 1 0 0 42 42
p/665.jpg 1 0 0 39 39
p/664.jpg 1 0 0 35 35
p/663.jpg 1 0 0 34 34
p/662.jpg 1 0 0 43 43
p/661.jpg 1 0 0 40 40
p/660.jpg 1 0 0 37 37
p/659.jpg 1 0 0 37 37
p/658.jpg 1 0 0 35 35
p/656.jpg 1 0 0 37 37
p/657.jpg 1 0 0 38 38
p/655.jpg 1 0 0 40 40
p/654.jpg 1 0 0 45 45
p/653.jpg 1 0 0 39 39
p/652.jpg 1 0 0 42 42
p/651.jpg 1 0 0 36 36
p/650.jpg 1 0 0 41 41
p/649.jpg 1 0 0 35 35
p/648.jpg 1 0 0 38 38
p/646.jpg 1 0 0 40 40
p/647.jpg 1 0 0 37 37
p/645.jpg 1 0 0 38 38
p/644.jpg 1 0 0 37 37
p/643.jpg 1 0 0 36 36
p/642.jpg 1 0 0 37 37
p/641.jpg 1 0 0 36 36
p/640.jpg 1 0 0 36 36
p/638.jpg 1 0 0 36 36
p/637.jpg 1 0 0 35 35
p/635.jpg 1 0 0 35 35
p/636.jpg 1 0 0 36 36
p/634.jpg 1 0 0 35 35
p/633.jpg 1 0 0 35 35
p/630.jpg 1 0 0 34 34
p/631.jpg 1 0 0 35 35
p/628.jpg 1 0 0 34 34
p/627.jpg 1 0 0 33 33
p/626.jpg 1 0 0 37 37
p/624.jpg 1 0 0 34 34
p/625.jpg 1 0 0 34 34
p/623.jpg 1 0 0 40 40
p/621.jpg 1 0 0 33 33
p/619.jpg 1 0 0 35 35
p/617.jpg 1 0 0 42 42
p/599.jpg 1 0 0 44 44
p/598.jpg 1 0 0 41 41
p/596.jpg 1 0 0 46 46
p/595.jpg 1 0 0 43 43
p/594.jpg 1 0 0 47 47
p/593.jpg 1 0 0 48 48
p/592.jpg 1 0 0 52 52
p/591.jpg 1 0 0 51 51
p/590.jpg 1 0 0 47 47
p/589.jpg 1 0 0 52 52
p/588.jpg 1 0 0 58 58
p/587.jpg 1 0 0 59 59
p/586.jpg 1 0 0 39 39
p/585.jpg 1 0 0 54 54
p/584.jpg 1 0 0 37 37
p/583.jpg 1 0 0 57 57
p/582.jpg 1 0 0 36 36
p/581.jpg 1 0 0 58 58
p/580.jpg 1 0 0 59 59
p/494.jpg 1 0 0 42 42
p/493.jpg 1 0 0 43 43
p/487.jpg 1 0 0 35 35
p/482.jpg 1 0 0 38 38
p/481.jpg 1 0 0 39 39
p/479.jpg 1 0 0 38 38
p/478.jpg 1 0 0 34 34
p/476.jpg 1 0 0 35 35
p/477.jpg 1 0 0 38 38
p/475.jpg 1 0 0 38 38
p/471.jpg 1 0 0 38 38
p/468.jpg 1 0 0 37 37
p/467.jpg 1 0 0 38 38
p/461.jpg 1 0 0 34 34
p/460.jpg 1 0 0 34 34
p/458.jpg 1 0 0 36 36
p/457.jpg 1 0 0 35 35
p/456.jpg 1 0 0 34 34
p/455.jpg 1 0 0 37 37
p/454.jpg 1 0 0 37 37
p/453.jpg 1 0 0 38 38
p/449.jpg 1 0 0 44 44
p/444.jpg 1 0 0 45 45
p/440.jpg 1 0 0 53 53
p/425.jpg 1 0 0 55 55
p/424.jpg 1 0 0 41 41
p/422.jpg 1 0 0 56 56
p/413.jpg 1 0 0 40 40
p/407.jpg 1 0 0 60 60
p/403.jpg 1 0 0 39 39
p/402.jpg 1 0 0 65 65
p/399.jpg 1 0 0 40 40
p/398.jpg 1 0 0 65 65
p/395.jpg 1 0 0 38 38
p/394.jpg 1 0 0 44 44
p/375.jpg 1 0 0 46 46
p/371.jpg 1 0 0 50 50
p/364.jpg 1 0 0 47 47
p/362.jpg 1 0 0 52 52
p/360.jpg 1 0 0 47 47
p/359.jpg 1 0 0 68 68
p/357.jpg 1 0 0 36 36
p/322.jpg 1 0 0 35 35
p/312.jpg 1 0 0 36 36
p/311.jpg 1 0 0 35 35
p/302.jpg 1 0 0 46 46
p/301.jpg 1 0 0 45 45
p/295.jpg 1 0 0 42 42
p/293.jpg 1 0 0 42 42
p/292.jpg 1 0 0 62 62
p/289.jpg 1 0 0 39 39
p/288.jpg 1 0 0 70 70
p/287.jpg 1 0 0 58 58
p/284.jpg 1 0 0 38 38
p/285.jpg 1 0 0 55 55
p/283.jpg 1 0 0 54 54
p/282.jpg 1 0 0 49 49
p/281.jpg 1 0 0 41 41
p/279.jpg 1 0 0 52 52
p/274.jpg 1 0 0 43 43
p/272.jpg 1 0 0 46 46
p/269.jpg 1 0 0 45 45
p/267.jpg 1 0 0 42 42
p/268.jpg 1 0 0 47 47
p/266.jpg 1 0 0 37 37
p/265.jpg 1 0 0 41 41
p/262.jpg 1 0 0 42 42
p/260.jpg 1 0 0 45 45
p/261.jpg 1 0 0 37 37
p/259.jpg 1 0 0 40 40
p/258.jpg 1 0 0 39 39
p/257.jpg 1 0 0 37 37
p/255.jpg 1 0 0 39 39
p/254.jpg 1 0 0 38 38
p/252.jpg 1 0 0 37 37
p/248.jpg 1 0 0 38 38
p/243.jpg 1 0 0 35 35
p/241.jpg 1 0 0 39 39
p/242.jpg 1 0 0 39 39
p/240.jpg 1 0 0 37 37
p/238.jpg 1 0 0 39 39
p/236.jpg 1 0 0 33 33
p/237.jpg 1 0 0 37 37
p/234.jpg 1 0 0 38 38
p/231.jpg 1 0 0 38 38
p/229.jpg 1 0 0 36 36
p/225.jpg 1 0 0 36 36
p/224.jpg 1 0 0 38 38
p/220.jpg 1 0 0 35 35
p/217.jpg 1 0 0 38 38
p/216.jpg 1 0 0 35 35
p/214.jpg 1 0 0 41 41
p/215.jpg 1 0 0 43 43
p/212.jpg 1 0 0 37 37
p/213.jpg 1 0 0 35 35
p/208.jpg 1 0 0 38 38
p/209.jpg 1 0 0 35 35
p/206.jpg 1 0 0 42 42
p/204.jpg 1 0 0 38 38
p/201.jpg 1 0 0 39 39
p/200.jpg 1 0 0 34 34
p/199.jpg 1 0 0 39 39
p/198.jpg 1 0 0 33 33
p/197.jpg 1 0 0 64 64
p/195.jpg 1 0 0 33 33
p/193.jpg 1 0 0 34 34
p/194.jpg 1 0 0 38 38
p/192.jpg 1 0 0 59 59
p/183.jpg 1 0 0 35 35
p/184.jpg 1 0 0 33 33
p/182.jpg 1 0 0 54 54
p/180.jpg 1 0 0 39 39
p/179.jpg 1 0 0 33 33
p/178.jpg 1 0 0 53 53
p/175.jpg 1 0 0 36 36
p/176.jpg 1 0 0 52 52
p/174.jpg 1 0 0 51 51
p/173.jpg 1 0 0 42 42
p/171.jpg 1 0 0 34 34
p/169.jpg 1 0 0 36 36
p/168.jpg 1 0 0 48 48
p/167.jpg 1 0 0 49 49
p/127.jpg 1 0 0 37 37
p/128.jpg 1 0 0 44 44
p/126.jpg 1 0 0 44 44
p/125.jpg 1 0 0 37 37
p/124.jpg 1 0 0 40 40
p/123.jpg 1 0 0 36 36
p/121.jpg 1 0 0 36 36
p/120.jpg 1 0 0 38 38
p/119.jpg 1 0 0 34 34
p/117.jpg 1 0 0 38 38
p/114.jpg 1 0 0 35 35
p/113.jpg 1 0 0 37 37
p/111.jpg 1 0 0 37 37
p/110.jpg 1 0 0 35 35
p/108.jpg 1 0 0 36 36
p/109.jpg 1 0 0 35 35
p/106.jpg 1 0 0 33 33
p/107.jpg 1 0 0 35 35
p/104.jpg 1 0 0 36 36
p/105.jpg 1 0 0 34 34
p/102.jpg 1 0 0 36 36
p/103.jpg 1 0 0 35 35
p/101.jpg 1 0 0 36 36
p/100.jpg 1 0 0 34 34
p/99.jpg 1 0 0 35 35
p/98.jpg 1 0 0 33 33
p/97.jpg 1 0 0 35 35
p/95.jpg 1 0 0 39 39
p/94.jpg 1 0 0 33 33
p/93.jpg 1 0 0 38 38
p/92.jpg 1 0 0 45 45
p/91.jpg 1 0 0 39 39
p/90.jpg 1 0 0 33 33
p/75.jpg 1 0 0 64 64
p/73.jpg 1 0 0 57 57
p/70.jpg 1 0 0 54 54
p/64.jpg 1 0 0 51 51
p/62.jpg 1 0 0 49 49
p/55.jpg 1 0 0 45 45
p/51.jpg 1 0 0 40 40
p/48.jpg 1 0 0 38 38
p/46.jpg 1 0 0 37 37
p/43.jpg 1 0 0 37 37
p/41.jpg 1 0 0 37 37
p/39.jpg 1 0 0 36 36
p/37.jpg 1 0 0 36 36
p/35.jpg 1 0 0 36 36
p/34.jpg 1 0 0 37 37
p/32.jpg 1 0 0 37 37
p/29.jpg 1 0 0 38 38
p/28.jpg 1 0 0 38 38
p/25.jpg 1 0 0 37 37
p/23.jpg 1 0 0 38 38
p/21.jpg 1 0 0 36 36
p/18.jpg 1 0 0 37 37
p/15.jpg 1 0 0 39 39
p/12.jpg 1 0 0 37 37
p/10.jpg 1 0 0 50 50
p/9.jpg 1 0 0 36 36
p/7.jpg 1 0 0 36 36
p/6.jpg 1 0 0 37 37
p/5.jpg 1 0 0 51 51
p/3.jpg 1 0 0 40 40
p/2.jpg 1 0 0 39 39
p/0.jpg 1 0 0 40 40